3 53 131 190
4 145 168 187 209
2 163 270
4 38 66 207 236
0
1 269
1 166
1 51
2 82 118
10 8 15 36 112 127 153 186 224 237 283
1 54
4 4 58 170 211
4 22 110 213 260
1 178
5 24 27 31 37 238
5 26 41 136 239 299
6 0 3 149 165 199 285
5 91 197 200 225 244
1 245
0
1 249
4 11 17 83 111
2 105 173
5 30 100 221 268 287
4 47 63 217 229
2 19 56
1 1
6 61 69 99 108 137 159
3 75 135 222
5 78 96 146 160 276
1 126
2 264 281
0
1 288
1 141
6 25 34 35 116 162 216
6 106 148 201 263 273 295
4 65 164 175 282
0
2 257 275
7 250 73 125 192 193 234 290
2 90 147
1 208
3 97 243 286
0
6 79 152 157 161 219 247
3 14 134 240
7 16 52 80 92 129 133 278
2 171 214
1 28
2 32 262
4 50 70 101 107
1 49
1 252
3 42 144 246
4 9 71 86 202
5 84 102 104 150 294
1 12
3 40 88 206
5 20 46 67 191 259
5 23 140 142 277 292
4 123 189 198 204
6 89 103 183 253 279 297
0
2 188 248
1 255
3 74 85 176
7 59 68 77 138 232 289 296
3 48 223 291
3 57 155 156
1 39
1 205
3 151 180 233
4 94 169 231 242
2 130 271
0
2 167 184
5 45 72 185 256 265
6 6 154 182 215 235 293
2 7 177
3 158 181 194
2 113 226
3 114 122 124
4 120 139 280 284
2 98 274
1 5
4 62 117 121 174
4 10 55 95 254
2 109 115
5 18 81 196 230 251
2 60 220
6 13 29 64 93 128 267
2 76 179
4 21 43 44 272
3 228 241 266
3 87 143 261
5 33 119 172 212 227
1 132
1 258
6 2 195 203 210 218 298
