27 641 763 929 1238 1556 2051 2241 2313 2906 3072 3476 4597 4648 5787 6034 6218 7039 7389 7416 7706 7752 7926 8735 8741 9217 9772 9975
31 180 276 1007 1430 1493 1503 1994 2286 2288 2726 3635 3824 3980 4065 4581 5139 5253 5267 5374 5512 5711 5778 6019 6564 6714 7125 7834 8250 8399 8621 9556
35 35 479 1167 2222 2566 2777 2782 2975 2982 2996 3390 4189 4776 5151 5165 5328 5379 5685 6229 6310 6435 6550 6674 6719 7396 8201 8297 8607 8659 8810 8811 9210 9454 9490 9850
31 532 693 855 1294 3163 3463 3619 3669 4031 4584 5075 5181 5194 5810 5839 6575 6672 6936 7054 7268 8105 8332 8386 8669 8762 9219 9415 9537 9621 9708 9871
20 114 684 1017 1291 1712 1813 2390 3064 3175 3470 4145 4429 5820 6526 7174 7756 8232 8588 8873 9880
24 421 887 917 962 1876 2509 3164 4068 4353 4732 4886 5021 5078 5347 6203 6214 6958 7097 7673 8083 8565 8608 8632 8853
32 281 345 460 681 776 979 1938 1963 2506 3387 3571 3659 3917 4165 4182 4210 4940 5099 5132 5168 5874 6366 6803 7486 8187 8381 8393 8769 8979 9035 9357 9802
28 912 939 968 1037 1637 2234 2554 5190 5396 6041 6137 6522 6585 6751 6797 6842 6889 6999 7219 7397 7446 7652 7676 8397 9136 9229 9356 9654
34 0 81 273 418 419 557 1104 1166 1266 1345 1358 1541 1559 1563 1937 2199 2359 3879 3882 4372 5069 5496 5561 6174 6360 6893 6899 7867 8320 8346 9113 9220 9397 9705
23 402 601 825 897 1287 1302 1316 1540 3351 3629 4161 4235 4969 5325 5589 5989 6399 7272 8085 8826 8847 9489 9862
25 725 727 798 1435 1486 1787 2151 2175 2882 3110 4702 4970 5317 5437 5553 6025 6159 6270 6633 7096 7212 7577 7650 7852 8569
20 591 791 921 1578 3241 3556 4028 4053 4241 4734 4991 5178 5223 5752 6875 7405 8464 8871 8925 9263
32 89 129 552 1215 1218 1283 1526 1990 2066 2123 2547 2780 2920 2952 3433 3848 3850 4098 4283 4647 4660 4749 4782 5314 5527 6600 6692 7922 8479 8580 8602 8670
29 608 1323 1331 1447 2244 3256 3517 3524 3878 4446 4719 4902 5815 6288 6447 6576 6619 6746 6786 6962 7032 7332 7488 7556 8400 8814 9112 9326 9583
18 374 423 428 471 698 762 953 2746 5394 5430 5775 6923 7207 7364 8189 8493 9729 9988
22 656 866 967 991 1023 2072 2616 2783 2917 2995 3803 4389 4868 5275 5751 5904 6654 7058 7302 8552 9953 9995
26 383 890 1137 1677 1922 2054 2096 2621 3334 3503 3833 6045 6070 6233 6975 7274 7443 7836 7998 8049 8452 8869 9115 9131 9347 9827
28 61 117 339 446 700 848 1206 2220 3305 3478 3684 4384 4653 5568 5998 6450 6743 6902 7182 7662 8315 8367 9098 9181 9201 9453 9476 9747
17 622 718 2124 2162 2437 2930 3486 3945 3964 4912 4926 5305 7727 8152 9005 9664 9737
37 436 703 732 743 945 1041 1185 1418 1842 1890 1897 2148 2152 3183 3203 3324 3331 3376 3854 3888 3891 4459 4674 5140 6332 6423 7051 7187 7945 8011 8554 9033 9391 9498 9598 9794 9889
23 587 1039 1497 1906 3090 3195 4453 4743 4909 5215 5543 6427 6713 7036 7100 7232 7793 7950 8635 8660 9039 9320 9797
27 330 346 533 922 1288 1487 1811 2183 2825 3143 3492 3822 4351 4556 4637 4833 4996 5972 6277 7297 7444 7847 8356 8487 9602 9692 9710
21 326 335 1404 1605 1815 2517 3167 3741 4156 4754 6248 7085 7102 7993 8385 8679 8983 9285 9362 9536 9817
25 177 551 1108 1939 2396 2420 3490 3671 3910 4525 5010 5236 5289 5539 5982 6326 7045 7083 7981 8006 8093 8138 8719 9407 9658
24 956 1054 1459 2250 2258 2638 3101 3253 3991 4866 5166 5361 5366 6341 6345 6765 6832 7398 7510 7778 7873 7992 8664 9165
23 53 116 1698 2189 2486 3135 3347 4050 4449 4553 4999 5629 6160 6306 6685 7447 7687 7896 7984 8606 8676 8882 9121
31 462 661 672 977 1040 1174 1246 1691 1962 2044 2362 2650 3504 3612 4253 4310 4454 4848 4963 5250 6655 7877 7884 8057 8198 8217 8227 8965 9225 9319 9450
18 212 900 1571 2249 2293 2534 3254 3498 3846 4324 6055 6200 6202 6481 6652 7074 7871 8287
20 915 1056 1330 1367 1527 2742 2829 2888 3301 4807 5049 5799 5935 6416 7273 7745 7861 8030 8193 9456
21 375 843 1586 1628 2697 3859 3931 3956 4741 5002 5771 6067 6402 6725 6752 6835 7342 7835 8012 9513 9694
27 238 296 550 662 836 880 1207 1705 2269 2275 2764 2981 4736 4752 4794 5082 6445 7164 7610 7731 7956 8870 9429 9646 9877 9894 9913
26 506 1071 1313 1437 1818 1893 2164 2372 2387 3445 3816 4567 4742 4789 5051 5146 5676 5701 6596 6798 6822 6897 7829 7915 8231 8657
24 1 158 186 391 485 754 1060 3190 3316 4258 4800 5457 5885 6042 6941 7612 7914 7941 8776 9259 9634 9670 9695 9799
24 18 719 1190 1249 1662 2193 2402 3065 3067 3501 3904 4875 5461 5837 5924 5965 6161 6555 8252 8906 9371 9533 9582 9852
28 282 644 1131 2228 2283 2773 2776 3242 3310 3425 3908 4033 4561 4900 4976 5463 5662 6280 6328 7088 7269 7414 8199 8453 9313 9462 9512 9619
26 98 1381 1858 2322 2360 2520 2887 3142 3320 3805 4303 4569 4785 4896 6480 6712 6830 6979 7192 7313 7864 8229 8376 8749 9323 9428
32 414 449 549 619 817 1241 1424 1591 1853 1881 2961 3071 3076 3775 3960 4221 4380 4870 5812 6126 6168 6912 7002 7029 7135 7179 7206 7384 7918 8703 8860 9830
33 694 713 1936 2794 3295 3423 3526 3725 3885 3990 4520 4573 4787 4945 5011 5125 5308 5571 5657 5755 5856 6838 7480 8156 8510 8850 9019 9062 9127 9329 9354 9500 9801
36 486 986 1583 1809 1952 2439 3026 3098 3212 3475 4018 4083 4287 4955 5380 5545 5611 5947 5975 6715 6776 7131 7248 7596 7866 7946 8043 8251 8879 8898 8977 9011 9281 9310 9478 9701
15 148 614 2646 2831 4229 4884 5247 5609 6228 6553 6921 7184 7910 8200 8815
19 1099 1415 1613 2345 2450 2669 3344 4404 4695 5680 6736 6905 6913 8684 8982 9087 9374 9477 9650
24 88 241 1481 2581 3782 3946 3993 4717 4739 4929 5150 5358 5758 6365 6388 6791 8120 8258 8957 9186 9218 9303 9336 9792
21 269 1765 2449 3246 3583 3700 4426 4825 5732 5828 6454 6938 7226 7264 7312 7422 7710 9196 9555 9750 9783
27 935 943 1163 1321 1543 1685 1690 2181 2481 2642 3488 4347 4712 5042 5592 5595 5652 6657 6768 7225 7601 8321 8678 8702 9398 9558 9892
24 218 1356 1773 1960 2023 2757 2793 3444 3683 4217 4865 5560 6398 6428 6777 6939 7525 7838 8667 9040 9072 9148 9679 9809
16 373 1234 1643 1916 2003 3855 4437 4545 5448 5616 6032 6845 7033 7738 8204 8419
24 410 749 1529 2988 3567 3809 3921 4658 4899 4943 5025 5485 6132 6637 7008 8244 8490 8542 8590 8767 8849 9079 9283 9728
24 170 760 1604 2338 3371 3440 4048 4313 4470 4952 6072 6194 6544 6988 7086 7181 7386 7403 7459 8060 8154 8230 9410 9976
29 93 101 384 594 689 1557 1595 1719 1817 2343 2630 2977 3234 3481 3812 3870 3909 4063 5109 5339 5415 6346 6920 7633 7742 8318 8492 8942 9400
23 531 1150 1761 1940 2670 2675 3269 3419 4474 4693 5133 5708 6029 6114 6459 6612 6727 7152 7669 8902 9610 9824 9923
19 519 523 588 710 1552 2067 2117 2543 3082 4694 5672 5794 6049 8015 8591 9591 9631 9751 9865
22 34 130 204 393 568 1959 2418 3580 3586 3643 4738 5375 5907 6684 6766 7415 7492 7593 8485 8980 9012 9656
22 4 14 1445 1969 2470 3214 3461 3543 3608 3646 4154 4167 4363 5814 5818 6827 7329 7817 8285 8746 8856 9869
22 802 976 1110 1319 1523 2136 2910 3480 3755 3939 4124 4236 4414 5357 5405 6043 6409 7284 7978 8855 9209 9939
23 122 528 574 667 705 2976 3095 3546 3869 4101 4641 4907 5585 5816 5873 6007 6231 6892 7229 7776 7807 7965 8671
28 377 582 837 1886 2012 2141 3345 3656 3713 3942 4079 4564 4728 4783 5018 5528 6246 6319 6477 6594 7250 8730 9058 9107 9160 9474 9815 9886
26 99 659 1080 1129 1335 1735 2040 2363 2428 2907 2962 3131 3797 4288 4373 5130 7372 7462 7634 8046 8968 9065 9214 9405 9920 9932
17 25 370 723 1917 2734 4073 5020 5086 5115 6112 6183 6239 7479 7880 8202 9652 9847
26 439 1093 1392 2214 2694 2990 3053 3169 3231 3414 3660 3972 4412 5419 5449 5804 5888 5932 6887 7587 7881 8023 8304 8740 9343 9486
17 561 1205 1850 2206 2366 2947 3227 4397 4479 4635 4844 7322 8034 8260 9442 9917 9968
28 30 310 585 709 1711 1729 2651 3352 3592 4640 4834 5470 5720 5894 6413 6513 6679 6710 6928 7259 7763 7859 8284 8347 8495 9081 9465 9778
20 459 504 784 1072 1714 1837 2563 3413 3448 3565 3570 4685 5507 6133 6140 6854 7166 7530 8116 9577
38 189 224 305 434 494 1049 1139 1179 1314 2707 3165 3482 4095 4131 4148 4187 4589 4617 4684 4924 5763 5905 6012 6110 6826 7410 7695 8235 8394 8534 8718 8844 8896 9132 9411 9579 9661 9868
28 355 452 708 925 1177 1402 1550 1869 2103 2909 2989 3455 3585 4260 4439 5035 5073 5117 5264 5955 6128 6573 8078 8203 8736 8770 8773 8915
27 107 178 184 207 605 865 1172 1703 2595 3003 3575 4008 4072 4504 4616 5186 5531 5625 5729 6054 6817 7119 7796 8305 9071 9584 9902
22 1344 1386 1880 2405 2754 3120 3193 3828 4202 4332 4517 4821 4903 5546 5567 6579 7134 7786 7808 9483 9545 9933
31 31 431 1256 1304 1764 1784 2371 3068 3284 3333 3506 3817 3941 4146 4402 5088 5348 5451 5945 5979 6164 6434 6745 7059 7711 8858 9270 9272 9466 9765 9842
29 220 995 1750 1753 1975 2021 2235 2312 2350 2501 2668 3530 3647 3875 4328 4339 4566 4609 5481 6444 6639 6695 6726 7860 8328 8711 9247 9322 9642
26 19 461 490 913 1257 1353 1914 2008 3260 3923 4344 4392 4431 5239 5263 5465 5906 6400 7115 7451 8096 8471 8533 8593 8745 8747
27 299 564 586 669 765 1146 1414 1622 2545 2775 3017 3206 3732 3842 4132 4651 4763 4966 6312 6614 6731 7016 7411 7868 8291 8728 9691
25 82 543 1148 1252 1895 2551 3129 3313 3950 4030 4040 4213 5242 6098 6101 6266 6506 6507 6565 6700 7570 8325 8467 8721 9299
23 655 936 1034 1346 1565 2747 2864 3048 3093 3432 3610 4005 4293 6094 6460 6720 6996 7506 8122 8825 8895 9169 9275
26 235 413 768 835 1029 1458 2218 2718 3014 3258 3415 4056 5311 5346 5418 6279 6297 6807 7715 7821 7839 8429 8709 8865 9045 9764
32 701 987 1668 2083 2197 2938 3122 3205 3472 3539 3723 3999 4088 4546 4710 5123 5538 5607 6463 6602 6625 7021 7553 7555 7708 7893 8362 8656 9284 9394 9439 9849
27 243 818 1109 1164 1222 1286 1531 2332 2936 3046 3314 3962 4670 5606 5645 5698 5750 7283 8177 8337 8384 8390 8589 8707 8888 9269 9461
25 989 1032 1097 2157 2180 2334 2527 2861 2883 3001 3251 3936 4496 5523 5653 6749 6895 6980 7574 7616 7765 8785 9458 9684 9748
26 341 997 2346 2856 3224 3609 3720 3747 4687 4764 4931 5036 5169 5423 5563 5579 5886 6249 6271 7331 7940 8167 8644 9043 9623 9755
25 704 1617 1716 2598 2840 2974 2987 3081 3292 3401 3597 3600 3721 4667 6192 7538 7721 8108 8213 8559 8897 8988 9076 9198 9585
26 110 604 733 761 1216 2122 2635 2716 2817 4399 4405 4733 5174 5232 5552 5811 6691 6730 7133 7237 8254 8661 8725 9170 9467 9706
28 758 1360 1755 1999 2261 2277 2649 2665 3275 3300 3693 3994 4093 4410 4539 4982 5104 5147 7317 7471 7911 8148 8302 8596 8601 8845 9023 9721
20 16 308 1956 2006 2810 3004 3265 3266 3746 4212 4452 4760 5580 6556 6744 7522 8128 8375 8406 9822
17 408 846 1310 1444 2015 2384 3377 4038 5182 5849 6866 7508 7885 8160 8211 9208 9763
24 153 278 328 416 1275 1398 1715 2294 2585 3547 3581 4472 5542 5610 5624 5833 6130 6468 7436 7548 8501 8932 8978 9983
26 792 1727 1801 1925 1972 2354 2467 3042 3061 3576 3872 3970 4081 4255 4751 5141 5689 5748 6162 6927 7078 7147 8990 9053 9155 9807
27 746 965 1536 1542 1566 1870 2577 2805 2900 3185 3362 3724 3734 4292 4473 4476 5229 5258 5363 5497 6044 7689 7833 7969 8166 9239 9768
22 503 978 1295 1375 1500 1824 2579 3637 4773 5142 5334 5829 6309 6438 6656 6924 7004 8026 8538 9206 9215 9344
27 68 589 741 1594 1884 2281 2323 2857 3225 3682 3703 3906 4140 4678 4772 5433 5745 6287 6440 7425 7429 7482 7606 7643 7943 8917 9473
21 118 225 1281 1504 2296 2458 4317 4656 4847 4876 7034 7438 7653 7890 8306 8547 9051 9541 9632 9754 9963
33 173 430 875 1250 1740 1948 1997 2567 2677 2854 3217 3349 3428 3623 3777 4766 4843 4919 4967 5261 5438 5730 6017 6286 6471 6673 6900 6963 7968 8422 8695 9535 9698
22 777 1048 1551 1633 2194 2427 2443 2493 3219 3279 4055 4552 4988 5120 6154 6804 7171 7260 8268 8316 8759 9808
21 457 924 1052 1665 1935 2367 2423 3037 3815 4099 4921 5107 5760 7399 7746 8112 8226 8378 8420 9075 9947
25 331 356 947 1408 1465 1533 1596 2353 2511 2544 2720 3088 3166 5207 5372 5654 5956 6759 7080 7299 8004 8094 8540 8755 9004
19 351 526 734 1804 2303 2557 2814 3976 4421 4796 5638 5696 6372 6557 7221 7286 8084 8335 9910
20 146 679 1928 2521 2902 3505 3512 3532 3897 3920 4254 7009 7140 7388 7908 7957 9183 9286 9393 9725
32 11 323 365 697 1158 1918 2355 3280 3690 3873 3966 4214 5195 5202 5277 5642 5647 5862 6050 6520 7732 8044 8121 8432 8763 8777 8790 9048 9144 9173 9203 9777
20 1290 2174 2424 2792 2899 2953 3106 3354 3373 3426 3783 4408 5756 5908 6033 6204 6205 7526 7944 8583
25 234 1656 1783 2586 2719 3112 3123 3328 3971 4199 4434 4535 5001 5504 5675 6301 6722 7003 7568 7640 7647 7854 9032 9233 9956
36 39 822 879 1090 1515 1694 2304 2408 2497 2708 3689 3827 3851 3894 3934 4522 4771 4891 5726 5731 5933 6316 6643 6716 7118 7361 7862 7937 7939 8349 8359 8382 8440 8672 8874 9114
25 121 699 1934 1974 2010 2648 3765 4144 4337 4526 4867 4941 5061 5144 5364 5488 5741 6061 7603 7638 8256 8380 9432 9493 9639
18 198 851 2078 2477 2785 3706 3737 5875 6056 6127 7191 8290 8794 9125 9360 9403 9447 9853
21 521 1431 1510 3267 3386 3889 4514 5128 5235 5529 6069 6086 6588 6598 7150 7964 8035 8421 8536 9387 9540
24 654 896 1644 1688 1835 2730 2796 2933 3202 4184 4962 4977 5951 5967 7022 7828 7929 8355 8482 8722 8852 9238 9940 9979
32 74 580 1009 1866 1943 2309 2604 3771 3967 4178 4227 4765 4822 5070 6030 6527 6611 6618 6697 6704 6855 6987 7070 7139 7578 7820 7883 8014 8317 8558 8868 9380
22 417 884 1105 1195 2582 2656 2797 4252 5211 5976 6256 6369 7287 7430 7726 7760 7936 8018 8427 8521 8640 9361
16 56 1188 1865 3355 3937 4190 4639 4835 5356 7335 7467 7533 8080 8705 9434 9914
22 195 680 1068 1219 1877 1923 2128 2570 2618 3107 3661 4836 4838 4897 6269 8563 8800 8807 8933 9078 9823 9949
22 398 444 706 1070 1159 1625 1788 1931 2000 2846 2926 3514 3582 4150 4934 5041 5092 6954 8058 8900 9044 9651
23 140 715 1405 1460 1564 1626 1692 2020 2049 2133 3427 3698 5281 5847 5890 6809 6947 7026 7453 7688 8063 8410 9161
26 429 573 668 1838 2494 2687 2826 3604 3987 4134 4650 5618 6206 6235 6868 7215 7338 8127 8259 8271 9418 9501 9518 9738 9903 9992
25 6 1106 1145 1187 1298 1627 1653 1968 2784 2875 2939 3381 5226 5958 6002 6014 6196 6841 7129 7540 8027 8178 8504 8975 9293
19 57 303 800 1062 1076 2429 3312 4937 5313 5623 5938 6645 7053 7791 7986 8445 8952 9177 9562
32 132 483 498 670 748 1896 2230 2311 2329 2674 3027 3215 3552 3572 4203 4497 4555 4655 4657 5094 5127 5406 5551 6084 6705 6935 7814 7930 8262 9617 9627 9630
28 138 350 1546 1748 2838 3544 3677 4228 4282 4319 4375 4750 5336 5683 5838 5897 6264 6474 6593 7539 7853 7916 8065 8195 9096 9249 9273 9945
30 376 569 1387 1443 1702 2036 2226 2280 2444 3029 3614 3788 3949 4090 4294 4558 4927 5057 5256 5515 6223 6382 6569 7774 7894 8278 8369 8924 9744 9941
20 199 272 456 764 2236 2713 2728 2839 3240 3718 5565 5679 5835 7113 8298 8752 9191 9262 9529 9638
23 255 297 821 980 1455 1891 2188 2383 3005 3074 3598 3819 4133 4322 4986 5537 7124 7154 7670 8597 9064 9647 9997
22 399 774 1340 2533 2767 2871 3087 3290 3323 3943 3948 4461 6004 7349 7874 8289 8439 8723 8998 9609 9820 9950
33 505 883 996 1747 1868 2033 2455 2751 3538 3615 3695 3735 3743 4398 4560 4804 5180 5299 5316 5383 5521 5644 5993 6109 6540 7428 7512 7678 7934 8039 8074 8779 9633
23 96 105 468 566 584 1642 1816 2548 2774 3049 3181 3553 3692 4533 4846 5016 6592 6885 7385 7666 8824 9308 9699
21 71 556 744 766 1399 1440 2284 2368 2881 4234 4642 4914 5192 5295 6298 6451 7095 7437 8333 9437 9753
32 515 806 1229 1473 1762 1794 1989 3066 3239 3249 3329 3733 4024 4464 4973 5097 5703 5796 6327 6636 6805 6971 7769 7960 8163 8405 8610 9129 9339 9506 9745 9958
18 1046 1211 3078 3079 3525 4266 4880 4948 5600 5631 5684 6078 6767 7977 8700 8839 9141 9297
24 285 378 1433 1475 1640 2186 2239 2925 3276 3467 3520 3577 3594 3688 4745 4971 5136 5381 5721 6089 6933 8389 9267 9644
28 202 555 575 916 1549 1561 2259 2445 2485 2811 3785 4550 5199 5213 5246 5912 6016 6102 7718 7959 8019 8407 8598 8867 8878 9162 9449 9557
26 176 209 778 842 970 1362 1411 1678 2207 3024 3191 3527 3957 5248 5573 5917 6609 6690 6831 7463 7674 7735 8024 8218 8264 8766
28 231 344 497 919 944 955 1120 1394 3244 3508 3953 4009 4197 4326 4505 4542 6175 6554 6995 7161 7421 7441 7967 8744 8837 9365 9487 9713
28 137 1537 1580 1623 1929 2065 2127 2518 2523 2565 2980 4062 4511 5285 5482 5508 6732 7373 7407 7679 8021 8113 8183 8817 9059 9333 9667 9741
19 106 200 647 1173 1308 1657 2001 2161 2542 3753 5079 5154 5544 5550 6051 6908 7060 9094 9413
24 476 502 1253 2145 2480 2537 3458 3557 3916 4016 4618 4806 5420 5525 6510 6572 6646 6986 7000 7168 8680 8996 9648 9972
22 319 695 1332 1446 2279 2513 2706 4238 4516 6387 6552 6846 7035 7337 7374 7623 7667 8292 8775 9037 9482 9673
29 757 781 1863 2106 2285 3182 3370 3750 4790 5268 5671 5709 5715 6046 6211 6333 6364 6495 6739 6761 7470 7536 7583 7604 8366 8641 8760 9168 9841
21 358 1197 1264 1780 2369 2476 2552 2601 2915 3745 4378 4480 5121 5984 6926 6960 7619 8221 9224 9289 9475
26 5 1354 1791 2053 2178 2489 2711 3069 3213 3441 3587 3836 5159 5183 5510 6380 6903 6970 7050 7117 7660 8036 8488 8733 9255 9492
37 182 293 952 1117 1442 1474 1522 1593 1908 1913 2039 2100 2120 2265 2756 2994 3395 3439 4054 4327 4481 4604 5669 6624 7165 7200 7773 7970 8025 8245 8652 8901 8918 9070 9307 9595 9942
25 949 1695 1722 1836 2310 2702 2788 3018 3273 3560 4598 5084 5503 5584 5661 5901 6989 7107 7199 7360 7801 8395 8508 8949 9352
16 38 44 1482 1624 2110 2143 4113 4576 4993 5387 6603 6630 6696 7252 7815 9452
28 215 385 401 975 1149 1274 1329 1449 1984 3749 3776 3800 4100 4664 5447 5587 5802 6123 6311 6390 6792 7613 7615 7799 8340 8689 9050 9978
30 13 562 615 1998 2116 2589 2657 3105 3272 3871 3983 4032 4365 4627 5039 5153 5688 5896 6278 6511 6820 7014 7521 7617 7699 8478 8541 8600 9068 9787
31 304 432 1357 1725 1734 1883 2809 2834 3084 3113 3679 3763 4015 4814 5003 5209 5410 5455 5831 6681 6858 6891 6969 7316 7434 7754 8066 8523 9060 9368 9840
22 1114 1184 1416 1704 1915 2071 2299 2352 2564 2862 3518 4350 5384 5511 6738 7190 7245 7532 7645 8053 9074 9145
27 9 409 450 635 780 1024 1028 1058 1771 2056 2448 2699 4162 5008 5312 5422 5764 5777 7149 8309 8401 8433 8520 8530 8655 9367 9542
26 1770 1820 2058 2237 2685 2722 3789 4174 4592 4703 4729 5179 5566 5643 5909 6147 6439 7052 7595 7705 7902 7974 8140 9464 9818 9825
35 62 810 1231 1326 1831 2042 2725 3374 3719 3730 3813 3998 4041 4049 4209 4297 4779 5105 5134 5198 5234 5304 7157 7392 7418 7476 7502 7805 8345 8787 8833 8954 9034 9089 9690
20 292 447 1169 1269 1348 1373 1898 2315 2503 3054 3668 3995 5526 6808 6829 6965 7327 7809 9559 9739
26 67 175 454 516 628 1026 1112 1245 1516 1588 1648 2176 2447 3270 4160 4309 4756 5962 6195 6441 6615 7350 7658 7827 8194 9703
26 427 767 809 871 1170 1667 1872 1904 2526 2575 2612 2661 3009 3670 4438 4469 4887 5332 5605 6591 7523 7741 8028 8863 9340 9851
22 201 583 1845 2878 3841 4312 5345 5489 5704 6135 6329 6466 6518 6537 6877 7627 7987 8077 8150 8233 8348 8361
26 933 1248 1803 1887 2549 2652 2696 2745 2842 2983 3201 3685 4302 4853 5929 6047 6756 6942 7266 8300 8374 8880 8893 9342 9519 9954
28 188 329 342 1511 2109 2252 2267 2532 2608 3562 3644 3728 5060 5409 5474 5845 5889 6028 6064 6167 6185 6617 8136 8225 8624 8843 8953 9469
25 478 1760 1808 2623 2770 2771 3187 3502 5298 5841 5994 6079 6263 6353 6967 7173 7230 7439 7824 8101 8522 8686 8754 9363 9626
22 157 724 826 1154 1262 2495 2680 3016 4259 4757 5227 5367 5436 5648 5871 6977 6992 7452 7906 8620 9612 9879
28 470 814 829 930 981 1347 2297 2388 2395 2678 2812 2880 3412 3438 3758 3919 4395 4721 5390 6706 7498 8412 8713 9042 9116 9332 9593 9743
25 125 187 577 833 969 1065 1130 1162 1645 3237 3590 4232 4418 4562 4603 5083 5664 5855 5857 6472 7108 7251 8000 8568 9677
23 467 475 1693 1830 2510 2807 4247 4692 4799 5158 5899 6008 6230 6504 6703 6799 7006 7195 7262 7265 7979 8273 8331
18 52 878 1053 1368 1679 1682 1697 3218 5916 6169 6322 6584 6785 7005 7112 7571 8570 8585
29 7 578 649 834 1136 1738 1752 1946 1992 2170 2452 2717 3392 3589 5233 5391 5426 5713 6075 6281 6781 7044 7144 7189 9020 9091 9402 9803 9937
19 534 544 895 1359 3056 3365 5055 5076 5865 6321 6567 7030 8151 8483 8819 8940 9242 9657 9844
22 247 663 1468 1684 2692 3857 3952 4121 4370 5824 5851 6951 7241 7292 7301 7400 7465 7608 8821 9228 9607 9899
25 258 828 1077 1113 1336 1957 2047 2167 2169 2268 2434 2672 2874 2908 3114 4007 4147 4304 4818 5575 5877 6627 6961 7549 7588
17 1020 2571 3243 3263 3353 5846 7007 7127 7343 7481 7500 7931 8248 9031 9327 9538 9659
20 518 964 1042 1422 1615 1742 2093 2155 2393 2572 3510 4424 4858 5900 6632 6670 6707 6709 8241 8931
19 354 597 702 830 1193 1388 1781 1909 2766 2790 3491 3890 4128 5738 6242 7614 7697 8137 9980
30 152 368 397 721 726 1365 1573 1577 1745 2084 2099 2114 2779 3220 3495 3780 3981 4092 4879 5054 5596 5691 6243 8107 8242 8913 9182 9232 9404 9876
32 194 263 567 572 1501 1567 2301 3221 3385 4385 4689 4810 4811 4916 5765 5882 6124 6354 6635 6778 6865 7015 7208 7594 8061 8350 8500 8914 9245 9422 9774 9984
23 196 347 481 1785 2089 2125 2568 3787 3899 4004 4226 5058 5872 6406 6976 7664 7728 7951 8052 8560 9345 9895 9946
25 229 844 2140 2361 2667 2940 3297 3468 3584 3973 5013 5667 6091 6227 6361 6735 7340 7406 8038 8051 8447 8518 8665 9069 9812
16 366 940 1244 1279 2453 2820 4106 4956 5032 5338 5376 5954 6096 7377 8100 8948
32 542 737 885 966 1538 1618 1964 1985 3062 3286 3808 4037 4085 4682 5164 5259 5728 5805 6063 6349 6484 6881 6931 7379 7668 7933 8247 8418 8423 9668 9727 9746
29 618 1079 1372 1391 1547 1839 2062 2129 2484 2821 2932 3340 3361 3867 4753 5220 5221 5276 5990 6106 7483 7592 8398 8404 8682 8783 8927 9861 9934
26 76 222 671 1022 1066 1949 2460 2556 2625 2653 2795 2830 3031 3134 3844 4118 4285 4415 4680 5188 5608 6502 7812 8575 9046 9278
20 128 530 1189 1652 3063 4263 4540 4608 5342 5747 5980 6095 6116 6629 7310 7516 7903 8411 9292 9390
29 539 1006 1012 1272 1425 2407 2778 3006 3160 3464 4654 4985 5004 5302 5944 6148 6343 7244 7318 7390 8364 8446 8550 8561 9054 9237 9526 9563 9810
26 381 522 1005 1659 1879 2200 4039 4043 4242 4423 5015 6001 6437 6455 6653 6883 7531 7632 7724 7898 8164 8818 9178 9388 9460 9480
30 348 858 909 1217 1282 1631 2086 2112 3077 3137 3208 3233 3339 4436 4699 4869 4997 5282 5385 5562 6335 6384 6404 6953 7069 7093 7671 8801 8813 9505
25 492 598 1393 1428 1728 1855 2068 2126 3147 3346 3550 3762 3795 5569 6209 6470 6702 7333 7690 8087 8377 8603 8960 9163 9174
32 77 271 633 790 982 1210 1471 2111 2201 2855 2960 2993 3138 3321 3379 3798 4104 4612 5191 5456 5746 7046 7651 7734 7825 8314 8616 9110 9133 9523 9546 9666
31 242 260 686 960 1064 1087 2208 2365 2870 3007 3108 3545 3593 4173 4278 4307 5200 5369 6189 6418 6748 7101 7456 7551 7567 9264 9309 9544 9573 9717 9798
17 134 674 1517 4089 4143 4510 4803 4888 5700 5926 7246 7426 7790 7850 8435 9350 9530
25 512 660 1016 1121 1258 1875 2233 2274 2576 3907 4883 5024 5193 5245 5790 5923 6919 8067 8557 8577 8937 8963 9056 9527 9819
26 646 678 786 1235 1434 1911 2182 2602 2934 3141 3658 4264 4828 5062 5458 5934 6039 6068 6580 6747 6994 7620 7878 8468 9296 9696
33 42 147 280 312 1401 1519 1579 2482 3238 3769 4021 4077 4157 4364 4500 4893 4936 5809 5844 6604 6978 7109 7267 8206 8424 8586 8675 8962 9101 9158 9159 9171 9771
18 424 853 931 972 1227 1230 1243 1769 2436 2628 2991 4913 5365 6244 7311 8275 8498 9614
28 156 509 1036 1710 1841 2165 2245 2686 2693 3418 3452 3810 4163 4171 4248 4600 4675 5663 5686 5943 6104 6997 7524 7803 8512 8764 9222 9241
24 46 291 1395 1406 1535 1664 1699 2538 2894 3450 3622 3674 3862 4946 5432 6874 6983 7128 7334 8135 8308 8828 9001 9521
25 474 1478 1920 2074 2472 2640 2806 3015 3359 3474 4606 4777 4872 5742 6117 6325 7201 7249 7289 7469 7635 7685 7891 7909 8631
22 72 415 458 1779 3008 3806 4780 5603 5733 5743 6426 6574 6577 6946 7145 7546 7953 8334 9052 9192 9567 9931
14 15 1505 3294 3446 4207 5315 5439 5637 6915 8031 8966 9574 9611 9730
26 1955 2316 2626 2629 3605 3825 3915 4152 4354 4416 4554 5604 6074 6393 6487 6985 7148 7204 7323 7655 7749 8619 8622 8875 8970 9026
27 36 496 714 1574 1754 1819 1919 2005 2118 2969 3034 3210 4206 4624 5460 5530 6290 6420 6677 6882 7114 7696 8489 8627 8892 9441 9618
18 151 616 1031 1701 2091 2801 4001 4432 4498 4839 5475 6479 7367 7698 8106 8731 9300 9870
26 473 860 1380 1467 1775 3759 4141 4359 5026 5089 5424 5919 5922 6276 6338 6800 6943 7049 7590 8414 8780 8947 8994 9221 9752 9906
29 155 852 957 2270 2789 2928 2946 3709 3900 3944 4300 4580 4901 5096 5588 5656 6071 6129 6610 6871 6950 7409 7544 7569 8612 8626 8739 9295 9707
17 336 717 753 906 2859 3555 3997 4219 5074 5660 6224 6334 7025 7565 8451 9416 9735
27 150 167 992 1576 1739 1828 2378 2860 2972 3489 4136 4158 4515 5272 5412 5534 5867 6315 6521 7485 7729 7858 8599 8935 9606 9811 9854
22 239 484 1484 2430 3154 3636 4646 4944 5029 5382 5791 6274 6922 7238 8276 8687 8812 8836 9014 9280 9484 9791
21 1409 1456 2389 2676 2760 2822 3569 4138 4274 4852 5175 5407 5963 5987 6213 6467 7001 7076 8417 8923 9858
32 1069 1089 1204 1514 2212 2330 2644 2705 2761 2851 2872 3089 3779 3821 4205 4407 4652 4705 5494 5670 5978 6234 6452 6711 6784 7564 7591 7775 7843 8748 8823 8967
22 300 451 985 1521 2370 2374 2645 3180 4920 5337 6076 6171 6853 6857 7366 7905 8131 8371 8457 8646 9839 9881
30 227 267 283 612 803 1518 1610 2016 2202 2386 3268 3630 4572 4770 4994 5398 5536 5744 5950 5983 6392 6718 6794 7098 7218 7771 8549 8887 9080 9250
21 256 576 711 984 1240 2331 2410 3465 3770 3796 3823 5116 5351 5613 5716 6083 6374 6394 6408 6906 9554
24 75 165 771 1303 1334 1544 2184 2320 2815 3274 3368 4230 4490 5860 6187 6533 7082 7217 7448 7557 8434 8555 8928 9977
13 261 1364 1532 4466 4468 6152 6245 6449 6542 7387 7686 7806 8214
38 232 318 595 1212 1343 2438 2522 2892 2964 3036 3040 3277 3714 4045 4155 4704 5048 5240 5495 5883 6052 6255 6436 6543 6844 6901 7185 7239 7282 7358 7478 7636 8269 8756 9077 9090 9122 9971
23 171 558 1297 1506 2457 2841 2966 3176 3178 3281 4495 5095 5296 5428 5863 6342 6561 6566 7216 7589 7605 9022 9470
20 1138 1293 2255 2468 2743 3383 3499 4084 4831 4953 5103 5597 6973 7646 7675 7781 8737 9024 9457 9689
27 1198 1807 2119 2154 2195 2469 2772 2912 3052 3820 4003 4393 4417 4735 5243 5621 6020 6232 6872 7231 7484 7602 8208 8239 9375 9620 9676
40 317 571 783 1192 1214 2142 2729 3130 3159 3406 3417 3516 3853 3861 3926 3938 4066 4211 4388 4400 4671 5360 6283 6358 6407 6493 6896 7177 7457 7983 8784 8802 8876 8911 8956 9235 9514 9565 9685 9926
23 820 1182 1730 1924 2224 2671 3086 3153 3315 3549 3804 4115 4792 5414 5792 5914 5977 6190 6770 8509 9030 9167 9231
23 1175 1320 1429 3158 3363 3558 3666 4586 5056 6225 6320 6432 6571 6870 7542 7759 7869 8486 8727 9516 9669 9838 9989
34 103 109 664 876 1102 1777 2046 2739 3332 4183 4333 4623 4683 4819 5255 5478 5556 6377 6401 6410 6519 7162 7198 7234 7995 8270 8517 8761 9100 9246 9551 9640 9723 9970
32 47 349 722 907 1116 2963 2970 3250 4215 4321 4530 4798 4935 5172 5370 5408 6093 6178 6238 7393 7802 8056 8097 8130 8180 8299 8465 8832 9016 9888 9952 9994
15 1439 2025 2580 3388 4491 4855 4882 5254 5594 6000 7137 7501 7561 7997 8650
27 20 367 596 624 854 1720 1758 1941 2217 2348 4343 4716 4995 5118 5251 5949 6080 6143 6262 6296 6516 6834 6937 8042 8255 9290 9312
17 2358 2539 2709 2992 3230 3460 3807 4149 5080 5205 6620 8009 8473 9120 9304 9337 9378
16 389 581 1585 2587 2951 3011 3507 4010 4114 4857 6241 6258 7433 9399 9580 9715
21 371 403 426 742 1083 1194 2196 3100 3319 3457 3477 4135 5007 5072 5126 5718 5736 5842 6686 6687 9789
22 228 254 796 1369 1942 1995 2923 3442 4707 5513 6048 6207 6650 7271 7295 7534 7682 7925 8184 8623 9569 9897
20 302 687 1038 1312 1383 1483 1977 2727 3125 3940 4298 4842 4938 5152 5725 6113 6689 7087 8450 8697
17 166 938 1086 1421 1479 1902 2166 3303 3456 4036 4052 5427 6489 7170 7740 8068 8525
32 295 779 1180 1183 1616 1649 1736 2052 2104 2172 2219 2903 3400 3929 4391 4549 4827 4904 5484 5717 5848 6165 6313 6879 7186 7257 7491 7566 8573 8909 9185 9786
17 301 443 1741 1790 2786 3199 4460 4669 4894 5699 6337 7056 7288 8463 8884 9266 9930
35 111 712 736 1226 1311 1826 2017 2955 3500 3675 3727 3790 3892 3935 4074 4185 5759 5921 6363 6873 7194 7205 7412 7490 7575 7784 7819 8313 8409 8496 8742 8835 9240 9472 9548
31 236 675 961 998 1251 1852 2185 2658 3116 3156 3729 4541 4918 5300 5444 5452 5868 6065 6430 6774 6916 7454 7598 7870 8008 8339 8360 8594 9260 9349 9635
20 306 314 903 1273 1674 1743 2308 3394 4186 4700 4706 5201 5252 6660 6914 8816 8941 9137 9629 9731
26 183 394 448 1572 1966 2541 2913 4051 4177 4204 4420 4709 4746 5138 5754 5952 6199 6676 6750 6952 7892 8379 8514 8778 8804 9987
31 738 823 1010 1030 1202 1417 1718 2069 2364 2397 3059 3186 4296 6013 6651 6762 7254 7375 7680 8091 8118 8181 8220 8267 8857 9248 9543 9649 9843 9872 9985
29 126 265 1126 1413 1670 1930 2060 2131 2446 2454 2682 2823 3119 3132 4308 4910 5887 6560 6649 6775 6811 7353 8048 8176 8282 8714 9084 9908 9982
32 469 1289 1292 1600 1724 2043 2223 2441 3133 3528 3784 4011 4119 4403 5453 5617 5795 6066 6682 6734 7460 7628 7963 8119 8172 8564 8662 9230 9510 9718 9749 9900
23 223 685 1683 2335 2681 2832 2956 3047 3073 3367 3811 4109 4582 5352 5601 5785 7073 7142 7279 7607 7750 7897 8834
27 55 379 873 999 1525 2662 3226 3341 3860 4279 4960 5340 5350 5854 6294 6856 7151 7357 7624 7886 8279 8438 8531 9212 9301 9382 9592
35 1814 1926 2061 2904 2973 3085 3099 3726 3773 4445 4593 4878 4923 5034 5170 5284 5355 5388 5505 5776 6370 6528 7368 7431 7545 7573 7841 7935 8219 8768 9318 9331 9423 9712 9896
22 673 881 932 2737 3375 3893 4615 4644 4711 5106 5440 5737 6295 6500 6548 6839 6884 7061 7630 8174 9021 9986
19 289 369 928 1661 1766 2080 3694 3716 3974 4091 4110 4179 4361 4435 4677 5386 5466 6240 7477
25 139 527 639 1553 1899 2272 2736 2944 3398 3430 4019 4863 5578 6496 6699 6755 6783 7017 7023 7178 7889 7996 8088 9597 9733
31 388 602 1125 1285 1672 1768 1833 2156 2442 2684 2967 3424 3829 3874 4649 4759 5023 5206 5602 5692 5697 5959 6182 6531 6733 7236 7383 8040 9358 9784 9831
20 179 248 1327 1489 1797 2291 2474 2479 2536 2768 4192 4521 5864 6648 6847 7315 8017 8370 9017 9955
25 123 488 513 1491 1507 1629 1673 2032 2082 2893 3678 3774 3911 4164 4686 4791 4889 5593 5884 5946 7391 8266 8383 9335 9990
23 135 141 322 1045 1666 2659 3252 3343 3748 4381 4551 4625 4925 5156 5719 6158 7648 7758 7795 8838 8881 8894 9126
22 891 1119 1277 1947 1976 2144 2609 2744 3466 4216 5368 6010 7739 7823 8010 8029 8115 8456 9119 9216 9539 9800
22 80 422 1111 1271 1350 1461 1632 2282 2507 3216 3285 3485 4159 4335 4972 5931 6217 6956 7062 8715 8797 8981
16 230 382 535 621 1011 1912 2095 2130 3932 5066 7123 8032 8054 8477 8535 9369
27 142 237 899 1351 2240 2615 3118 3479 3877 4362 4691 5135 5262 5323 5826 6641 6708 6757 6801 7321 7709 7755 7772 8704 8938 9915 9938
14 908 2031 2559 2712 2863 3126 3744 4508 6018 7921 9194 9700 9821 9898
27 634 911 1987 2432 2824 3177 3396 4097 4630 4939 5658 5727 6024 6505 7120 7394 7863 8020 8617 8781 9088 9377 9433 9515 9671 9757 9907
38 69 206 676 849 1495 1619 1654 1905 2027 2597 2844 3094 3364 3667 3715 3849 3955 4059 4413 4442 4620 4740 4769 5319 5766 6930 7089 7694 7975 8908 9055 9184 9426 9522 9532 9604 9674 9776
39 1001 1932 2262 2266 2306 2406 2475 2555 3030 3097 3696 3858 3954 3961 4527 4812 5208 5500 5817 5918 6331 6350 6378 6457 7169 7572 7580 7714 7744 7895 7955 8430 8469 8578 8886 9189 9193 9202 9274
26 472 599 1063 1759 1970 2614 3228 3335 3521 4000 4200 4444 4523 4668 4862 5137 5612 6119 6155 6186 6836 7197 7707 8153 9205 9581
17 507 547 839 1043 1846 2978 3080 3454 3799 4419 5635 6324 7314 7319 7552 7663 8149
28 870 959 1737 2030 2041 3155 3170 4014 4284 4299 4366 5197 5469 5724 5913 6031 6125 6367 6581 6907 7560 8168 8444 8803 9009 9468 9495 9911
18 1151 1325 2247 3000 3283 3603 3922 4336 5210 5786 6348 7092 8041 8454 8472 8765 9330 9918
24 1239 1389 3060 3601 3969 4176 4425 4663 4747 5119 5583 5970 6282 6729 6948 7214 7355 7382 7537 8343 8574 8793 9234 9878
18 213 847 1168 1635 2695 3336 4905 5216 5892 6509 7719 8133 8303 8323 8809 8822 8930 9334
21 511 898 1141 1410 1469 1744 2921 3986 4727 5294 5891 5966 6417 6498 6740 7362 8139 8234 8757 9445 9724
21 286 592 1160 2394 2499 2588 2605 2654 2666 2889 3707 4246 4280 4864 5101 6131 6250 6396 8055 8907 9386
29 59 321 477 563 643 958 1268 1309 1513 2385 2945 3282 3473 3534 3975 4180 4233 4331 4797 5395 6027 7065 7770 7907 7982 8272 8708 9211 9813
25 540 864 1407 1965 2613 2752 3311 3342 3435 4465 4591 4826 5479 5535 7176 7180 7413 7559 8207 8209 9103 9282 9444 9675 9781
27 396 420 453 609 905 1337 1554 1874 1961 2344 3149 3308 3429 3988 4094 4111 4661 5052 5225 5280 6640 7094 7324 7419 8519 9156 9833
24 315 856 1156 1213 1352 1751 2163 2203 2540 2740 2896 3662 3852 3896 4829 4871 7359 8050 8436 8470 8991 9195 9316 9412
29 2 124 954 1856 2158 3868 3985 4696 4849 5110 5122 5184 5739 5798 7038 7043 7243 7258 7528 7597 8114 8263 8329 8330 8491 9560 9766 9887 9999
30 364 812 868 971 1247 1276 1355 1457 1793 1981 2077 2171 2319 2931 3372 3511 3648 3752 3766 3876 4512 5821 5995 7111 7503 7722 8162 8658 8999 9996
24 499 553 1284 1363 1796 1810 1821 1823 1900 2028 2037 2325 2763 2935 3537 4401 4895 5006 6448 7445 8526 8710 9578 9719
21 620 1903 2050 2391 3596 3742 4249 4599 5343 5767 5773 5930 6482 6535 6551 7233 8851 9370 9385 9511 9767
33 545 631 867 1143 1812 1848 1885 2204 2302 2607 2828 2997 3145 3173 3864 3958 4166 4170 4272 4673 4767 5969 6081 6303 6381 6590 6626 6864 7019 7281 7347 8637 8985
30 108 360 536 1370 2492 2759 2879 3358 3360 3984 4012 4191 4448 4824 5279 5659 5971 6254 6305 6721 6753 6984 7047 7303 7505 7629 7717 8143 8576 8587
21 100 390 750 1636 1713 2229 2373 2525 2710 2803 2890 3405 4455 5324 6268 6613 6647 6728 8103 8788 9845
25 327 508 863 902 1882 2210 2342 3127 3699 4137 4220 4854 5124 5286 5429 6351 6414 6494 7067 7146 7558 7622 8210 9552 9702
24 90 2221 2631 2683 2733 3338 3356 3496 3649 4320 4563 4989 5702 5705 5772 6486 6788 7296 7832 8484 8539 9138 9769 9943
29 169 773 1067 1862 2153 2421 2679 3117 4194 4196 4306 4382 4820 5464 5651 5666 6215 6538 7822 7912 8192 8222 8310 8322 8363 8943 9143 9395 9491
26 112 332 937 1802 1825 1861 2292 2491 2884 3676 4338 4722 4942 5378 5681 6092 6291 6758 7458 7684 8515 8959 8974 9057 9451 9653
26 501 914 1763 2132 2227 2256 2324 2516 3378 3680 3793 4256 4482 4578 4801 6099 6932 7020 7048 7489 8185 8753 8862 8919 8921 9927
18 10 882 1708 1988 2097 2232 2655 3021 3611 3653 4064 4629 4930 7618 7948 8392 9305 9566
24 6005 87 172 1208 1472 1859 2673 3304 3509 3626 3830 4809 5219 5297 5306 5435 6945 7196 7493 8205 8771 9029 9139 9550
19 250 1639 2076 2102 2198 3540 3672 4022 5803 6145 6678 6825 7090 7449 7473 7600 7973 8240 8319
18 197 233 455 927 1199 1382 1789 2305 2318 2741 3152 3564 4688 5389 6944 7031 7730 8341
26 489 1378 1385 1492 1494 1528 1696 2013 2271 3012 3050 3402 3786 3951 4023 4130 4957 5228 6237 7341 8513 8666 9006 9175 9409 9816
27 8 565 1147 1328 2251 2473 2487 2959 3209 4433 4536 4638 4725 5087 5212 5940 6665 6859 7365 7442 8111 8461 9251 9314 9425 9553 9624
22 23 154 4070 4201 4270 4587 4802 5307 5878 6247 6894 7106 8243 8413 8543 8796 8958 9106 9324 9681 9885 9925
25 73 775 805 983 988 1324 1581 2211 2691 2833 3731 5224 5362 5712 5843 6694 7071 7276 7989 8253 8293 8645 9147 9302 9848
22 159 1124 1341 1609 2009 2254 2911 3431 3453 4396 4626 6037 6180 7024 7625 7904 7971 9149 9759 9770 9875 9948
36 97 162 268 1074 1092 1333 1441 1967 1980 2885 2942 3111 3410 3588 3602 3880 4237 4428 4524 4813 5421 5774 5853 6368 6391 6476 6840 7202 7585 7938 8086 8480 9448 9455 9637 9793
24 253 807 1082 1267 1799 2593 2941 3640 3914 3992 4352 5012 5014 5333 5590 5695 6150 6289 6964 7138 7639 8605 9547 9919
29 888 1496 2837 2971 3451 3772 3901 4471 4489 4978 5327 5468 6308 6386 6395 6607 6622 6659 7220 7352 7507 8175 8805 8830 8920 9010 9025 9961 9991
29 926 1305 1403 1464 1864 2273 2381 2531 2578 3139 3255 3330 4723 5167 5509 5639 6216 6376 6425 6821 7307 7818 8146 8324 8344 8567 9504 9641 9866
22 1123 1233 2064 2583 2835 4422 4666 4786 5230 5354 5822 5937 6103 6529 6530 7099 7764 7887 7972 8071 8129 8326
27 607 617 682 1140 1220 1427 1466 1603 2024 2063 2135 3326 4087 4126 4153 4291 5231 5446 5522 6698 6701 7153 7720 7865 8003 8442 9061
28 756 841 934 1676 2018 2192 2333 2755 2865 2905 2919 2986 3033 3150 5067 5160 5162 5320 5393 5506 5974 7291 7848 8016 8274 8774 8889 9227
32 70 252 277 610 625 1558 1726 1840 2466 2490 2750 2897 3416 3548 3633 3778 4451 4577 4830 5218 5329 5514 5911 6176 6589 7743 8095 8726 9311 9780 9829 9836
28 102 1088 1993 2289 3523 3638 3792 4262 4538 4992 5416 5473 5898 6222 6265 6383 7041 7209 7609 7725 7849 8846 8936 9494 9605 9806 9859 9860
15 221 1658 2848 3337 4643 5781 6475 6634 6663 7027 7494 7723 7851 7875 8634
23 160 407 626 901 1157 2584 2802 2949 2957 3174 3223 3437 3664 3818 4737 4961 6107 7346 7932 8993 9157 9176 9688
23 284 359 657 1782 1944 1991 2404 2416 3188 4289 4475 6304 6558 6763 7737 7840 8236 8354 8546 8798 8872 8890 9321
21 217 1601 1971 2462 2703 2808 3109 4112 4181 5189 6330 6668 7037 7461 7683 8186 8903 9520 9525 9796 9973
28 26 279 546 751 859 1209 1318 1871 2843 3171 4223 4377 4768 4964 5046 5321 5518 5992 6026 6267 6323 6523 7464 7582 8365 8859 9379 9957
27 629 1260 2398 3248 3494 3847 4531 4672 4784 4932 5047 5768 5895 6062 6292 6628 6810 6833 6860 7275 7304 7499 7672 7924 8566 8854 8912
23 115 143 707 811 941 1454 1476 2260 3222 3522 3673 3705 3884 4873 5163 5939 6038 6813 6929 7395 8223 8643 8653
26 144 361 638 1144 1675 2159 2191 2433 2765 3264 3881 4224 5554 5834 5861 6397 6863 7103 7900 8141 8159 8307 8751 9067 9599 9785
28 559 690 739 1265 1954 2341 3115 3161 4193 4845 4908 5050 5113 5176 5491 5797 6949 7210 7693 7952 8082 8157 8196 9223 9306 9636 9835 9883
34 797 877 946 1133 1201 1278 1892 2150 2377 2514 3002 3369 3697 4231 4334 4679 4708 5059 5237 5274 5628 6153 6541 6562 6563 7980 8342 8358 8899 8946 8973 9003 9073 9589
24 40 65 113 728 827 1098 1650 2087 4250 4532 5557 5694 5723 6779 6780 7631 7757 7942 7988 8831 8916 9348 9740 9993
34 91 287 948 1050 1061 1081 1477 2048 2057 2380 2496 2550 2600 2690 3389 3462 3760 3959 4315 5187 5271 6009 6122 6163 6259 6547 7475 8403 8841 8961 9179 9187 9392 9790
28 910 1073 1686 2375 2465 3471 3616 4208 4411 4557 4877 4975 5257 5757 5957 5961 5968 6339 6532 6806 6972 7255 7339 7804 8173 8261 9105 9762
35 316 692 1025 1033 1800 1933 1986 2800 3302 3469 3566 3756 3757 3912 4058 4601 4906 5501 5902 6115 6464 6546 7261 7424 7677 7748 7837 8237 8460 8922 9151 9180 9197 9663 9935
24 392 425 2002 2073 2422 3045 3298 3484 3691 5459 5558 5682 6023 6226 6606 7066 7183 8161 8238 8353 8532 8613 9188 9440
24 45 174 445 632 869 1027 1412 3574 3634 3712 4127 5443 5807 6501 6616 6742 6787 6904 7495 8357 8474 8681 9236 9936
27 538 824 1115 1450 1798 1978 2187 2617 2660 3039 3393 3655 3761 4575 4922 5145 5808 5996 6385 6717 6940 6981 7141 7520 7656 7716 8190
20 386 772 857 1607 1854 2205 2937 3421 3977 4071 4269 4595 5622 5632 5769 5988 6453 6608 7011 7816
26 92 333 2115 2403 2592 2816 3327 3628 4078 4080 4349 5019 5027 5292 5674 5925 6015 6252 6586 6959 7432 7761 7785 8677 8905 9867
29 168 1608 2253 2535 2869 3288 3989 4025 4172 4837 5265 5472 5740 5813 6053 6144 6220 6488 7136 7404 7472 7584 7855 8743 8806 9015 9027 9401 9564
25 372 1055 1508 2295 3140 3391 3840 3925 4371 4406 5434 5650 6465 7378 7562 7599 7901 8005 8124 8502 8668 8692 9396 9622 9722
26 37 240 804 1003 1436 2238 2553 2627 3318 3397 3434 3838 4477 4621 5000 5031 5309 5377 6485 6661 7579 7780 7949 8701 9243 9287
32 48 164 219 642 769 1221 2246 2340 2530 3146 3651 3865 4290 4781 5090 5646 5858 5920 5985 6587 6664 6802 7130 7423 7504 7691 8099 8215 8690 8696 9124 9967
26 24 41 251 1390 2287 2852 3102 3204 3497 4006 4341 4345 4492 4579 5270 6492 6658 7401 7798 8102 8443 8511 8808 9000 9097 9435
26 794 1178 2190 2415 2606 2701 3261 3382 3578 4218 4458 4487 4701 4958 4990 5037 5241 6469 6631 6819 7163 8729 8861 9389 9625 9742
24 3 64 752 889 918 1096 1568 1700 2029 2147 2173 3070 3554 3979 5441 5879 6022 7075 7293 7753 7782 8441 8548 9086
29 84 145 298 1200 1338 1606 1723 1749 2092 2290 2483 3536 4243 4450 4568 5043 5045 5392 5819 5941 6138 6157 7440 7611 8638 9108 9153 9697 9779
16 58 63 636 770 2663 2689 4374 4659 4788 6197 6347 6359 7466 8281 9117 9590
29 191 491 1397 1569 1910 2242 2349 3710 3895 4120 4547 4892 5112 5997 6035 6085 6355 7354 8022 8551 8654 8750 9007 9166 9257 9384 9508 9687 9890
26 313 1339 1371 1598 1786 2213 2804 2898 2965 3483 3965 4478 4713 4947 5238 5404 5492 6389 6478 6723 8047 8191 9063 9874 9962 9981
21 50 193 630 1396 1480 2603 2643 3399 3487 4123 4463 4681 5171 5326 5598 6151 7515 7927 8132 8462 9795
24 79 666 1717 2022 2059 2079 2505 2723 2901 3168 3259 3348 3704 4507 4632 4928 5148 5269 5555 5634 6273 8002 8449 9572
26 104 205 363 400 950 1059 1575 1889 2698 4379 4441 4645 4697 5870 6318 7042 7057 7211 7427 8648 8827 8992 9190 9459 9686 9901
24 570 838 1263 1366 1638 2357 2456 3041 4369 4850 5373 6772 7363 7768 8165 8286 8506 8636 8699 9002 9298 9616 9814 9928
22 49 94 787 813 1015 2735 2886 3144 3618 4394 4488 4758 5665 6188 6403 7013 7077 7242 7511 7792 9099 9118
22 613 747 2121 2379 2417 2546 2594 3322 3642 3717 4447 5540 5827 5999 7348 7777 8257 8712 9093 9213 9253 9376
20 21 43 127 338 688 1118 1134 1597 2045 2590 2664 5098 5278 5532 7072 7084 7203 8249 8791 8951
27 653 1135 1307 1317 1426 1555 1973 2276 2328 2356 2922 3162 3262 3650 4281 5331 5570 5714 5928 7240 8013 8224 8277 8572 9291 9463 9959
11 216 1223 2317 4151 4276 4570 5111 6861 7665 8972 9603
17 963 1186 1560 1646 2632 2636 5149 5462 6179 6848 6993 7227 7371 7586 7857 9226 9268
20 2641 2868 3837 3845 4286 4301 4387 4662 4718 5244 5591 5690 5693 5880 5903 6412 8437 8499 9351 9732
29 340 500 990 1400 1927 2160 2504 3639 3802 4108 4386 4594 4805 5044 5063 5779 5876 5991 6302 6458 6583 6724 6851 6925 6966 6968 8059 8079 8904
17 1095 1589 1767 2263 3459 3681 4267 4585 5582 6057 6082 6105 6191 7224 8647 9135 9760
25 510 1524 1851 1857 1894 2478 3083 3843 4076 4368 4596 4724 6100 6357 6362 6990 8618 8786 8789 9008 9427 9682 9758 9857 9904
25 246 324 920 923 1792 1950 2081 2216 4295 4346 4467 4860 5403 5953 6097 6671 7158 7474 7844 8007 8145 8301 8614 9571 9864
12 1548 1709 2431 2599 4035 4169 6087 6299 6515 6582 8683 9608
21 264 337 537 1018 1165 1945 2337 3022 3278 5129 5586 5633 6737 7308 7657 7994 8674 9140 9142 9258 9421
26 28 850 973 1630 1776 2038 2075 3736 4116 4268 4390 4502 4610 4933 5431 5559 5577 5836 6918 7160 7326 7513 7641 8062 8989 9628
27 861 1614 1746 1847 2347 2426 2515 2818 3023 5204 6405 6605 6754 6955 7079 7328 7810 7990 8481 8582 8820 8950 8995 9082 9570 9714 9736
19 1384 1545 1867 2168 2177 5131 6644 6773 7081 8147 8212 8663 8758 8795 9095 9104 9154 9586 9720
24 482 785 1004 1236 2209 2298 2918 3408 3613 3801 3903 3996 4318 4980 5161 5866 5986 7263 8625 9085 9436 9561 9826 9974
30 203 650 832 1562 1599 2243 2327 2637 3599 3856 4795 5291 6006 6139 6314 6490 6508 6601 6688 7228 7408 7541 7962 8126 8706 8734 8772 9130 9417 9891
32 579 1142 1255 1306 1379 1587 2314 2392 2950 3198 3200 3403 3407 4565 4841 4959 5177 5564 5782 5910 6260 6424 6878 6957 7788 8125 8170 8466 8528 8698 9092 9383
18 149 190 517 611 3404 4017 4501 4518 4890 5005 5960 6134 7320 7991 8283 9164 9756 9837
19 411 627 1171 1655 2300 2561 3235 3641 5549 5850 5964 6473 7856 8182 8581 8883 8945 9244 9317
29 735 1232 1620 1774 2094 2248 3124 3189 3826 3947 5038 5040 5071 5344 6060 6272 6275 6375 6534 6862 6886 7132 7487 7497 7920 7976 8387 8503 8505
31 463 819 1085 1322 1377 1499 1706 1805 2101 2225 2376 2985 3020 3038 3043 3092 4583 5322 5493 5707 5789 6595 6693 7380 7420 8037 8098 8529 8997 9481 9916
25 270 1107 1621 2108 2139 2704 2853 2998 3128 3927 4047 4462 4998 5081 5793 6208 6340 6491 7253 7928 8562 8691 8720 8885 9964
27 495 1254 1420 1834 2351 2399 2419 2488 2596 2634 3028 3229 3627 3708 4484 5065 5283 7063 7330 7435 7794 8123 9150 9199 9568 9655 9909
17 325 2877 3289 3533 3834 4983 6036 6172 6570 7091 7535 8288 8848 8877 9528 9856 9960
16 309 440 441 740 1261 1452 1453 1669 3411 5399 5649 6497 7547 7923 8497 8553
22 493 1051 1731 1860 2070 2409 2425 3058 3652 4360 4430 4816 4874 5301 6090 6934 7188 7336 7649 8246 9534 9680
28 133 893 2412 2732 3157 3179 3409 3620 3702 3767 4060 4588 5290 5499 5881 6111 6514 6524 7126 7702 7813 8639 9146 9256 9485 9660 9912 9965
26 554 1342 3257 3686 3739 4107 4240 4251 4265 4730 4951 5022 5093 5397 5677 6210 6525 6816 7919 7966 8571 8611 9406 9576 9643 9834
22 759 1057 1153 1196 1242 2619 3791 3866 4142 4383 4851 5533 5627 5655 5673 7518 7543 7581 7845 8604 9013 9279
25 334 696 782 1161 1419 1485 1888 3148 3325 3568 3632 4257 4329 5293 5341 5762 6058 6212 6433 6911 7012 7068 7116 8081 9761
25 514 525 1044 1509 1534 1873 2558 3663 4457 4602 4613 4631 4726 5318 5359 5749 5973 6201 6253 7121 7468 7517 8110 8171 9254
18 405 2090 2819 2866 3104 3194 4175 4917 5288 5371 5640 5687 5735 6073 6166 6170 7527 9678
26 387 994 1021 1181 1951 1958 2400 2414 2573 3010 3665 4122 4316 4367 4634 5487 5830 6142 6193 6293 6621 6814 8109 8327 8475 9846
36 136 357 442 652 904 1155 1721 1979 2758 2849 2927 2958 3631 3740 3928 4029 4358 4483 4544 4714 4974 5417 6421 6662 6991 7811 7872 8295 8829 8964 9359 9364 9430 9531 9594 9922
30 395 480 606 831 1091 1191 2034 2591 2620 2622 2873 3032 3307 3591 3625 4096 4222 4949 5143 5516 5936 6146 6769 6849 7290 7496 8352 8402 8926 9288
31 645 872 1008 1035 1470 2382 2847 3057 3207 3271 3309 3573 3624 3902 4168 4314 5017 5249 5710 6011 6888 7105 7509 7659 7797 8076 8090 8595 8688 9704 9873
15 275 640 648 2019 4002 5349 6173 6843 7514 7751 8507 8685 8693 9488 9782
35 266 788 886 1228 1451 1612 1689 1756 2138 2762 3013 4271 4499 4605 4628 4636 5548 5840 5852 5915 6261 6336 6429 6446 6499 6568 6675 6837 7300 7305 7417 7882 8228 8431 9832
26 29 307 1490 1983 2026 2781 2850 2858 3839 3968 4117 4225 4665 5476 5630 5942 7143 7247 7455 7985 9123 9128 9276 9277 9509 9596
19 1013 1582 3103 3357 3384 3764 4195 4981 5085 5467 6549 6599 7167 7704 7830 7899 9615 9672 9966
34 259 637 683 894 1014 1376 1462 1651 1843 1844 2562 2715 3025 3055 3232 3350 4188 4409 4519 4529 4715 4885 5114 5400 6373 6517 6764 7104 8134 8633 8944 9111 9134 9645
27 845 1224 1432 1448 1570 2007 2714 2954 3607 3701 4356 5450 5477 5517 5574 5615 6683 6760 6917 7223 7344 7733 7762 8045 8368 8976 9204
31 274 438 560 1921 2088 2307 2633 2943 2984 3657 4067 4355 4731 5287 5471 5524 5832 5893 6118 6352 7351 7783 7917 8072 8089 8296 8955 9338 9613 9726 9884
24 33 95 729 1520 2463 3051 3192 3245 3299 3529 4590 5173 5335 6198 6219 6795 7175 7280 7554 8070 8455 8651 9038 9328
26 54 85 1128 1176 1822 2948 3019 3606 3781 4275 4340 4559 4815 5260 5273 5770 5800 6559 6793 6823 7235 7713 8117 8615 9341 9499
29 214 1002 1611 1849 2004 2149 2179 2440 2502 3151 4427 4614 4840 5030 5077 5214 5801 6181 6982 7747 7779 8104 8351 8372 8388 8724 8866 8934 9420
21 244 677 1280 3542 3563 4061 4086 4856 5091 5788 6890 7550 7787 7999 8033 8169 8476 8524 8929 9366 9665
26 524 816 1296 1299 1671 1707 2098 2107 2278 2461 2574 2891 3044 3420 3835 3930 4103 4698 5157 5217 5859 5948 6512 8910 9066 9414
33 181 343 435 993 1374 1438 1641 2876 2968 3317 3443 3493 3711 4044 4305 4376 4503 4633 4954 5480 6021 6236 6680 6812 6974 7010 7298 7954 8579 8584 9709 9734 9788
27 17 66 86 665 795 1634 1907 3541 3754 4748 4775 5266 5445 5927 6307 6415 6443 6796 7055 7193 7529 7692 7947 8001 8265 8716 9863
30 185 226 290 808 815 1259 2146 2257 2339 2560 3211 3883 4105 4277 4330 4348 4493 4537 4793 5626 6300 7681 8592 8609 8630 8642 9152 9497 9507 9998
32 249 465 892 1132 1901 2459 3287 3831 3832 3913 4034 4102 4762 4861 4968 5614 5636 6251 6422 6545 6638 6910 7661 7700 8391 8516 8799 9315 9424 9683 9775 9944
20 1000 1498 1795 2624 2924 3978 5009 5498 5869 6503 6815 6898 6998 7626 7766 8073 8984 9355 9905 9951
19 32 208 320 874 2721 4020 4244 4273 4323 5068 5401 5706 6257 6431 6642 7018 7156 7402 9601
35 294 716 951 1101 1225 1237 1502 1512 1778 2134 2724 2753 3449 3738 3751 3918 3982 4027 4984 5411 5502 5547 6483 6880 7356 7703 7826 8373 8556 8694 8840 8939 9524 9855 9924
22 600 651 793 799 1203 1687 2791 2798 4778 5619 6120 6156 6456 6782 7277 7278 7519 7767 8142 8312 9372 9587
17 406 466 862 1047 1806 2105 2895 3184 3197 3595 3794 4026 4082 4528 5678 6828 7842
22 257 1019 1315 1680 2979 3519 3963 4543 4761 5222 5641 6411 6462 7325 7563 8155 8311 8448 9102 9381 9446 9882
23 245 437 731 1732 1878 2035 2569 2999 3617 3645 4534 4950 5425 5823 5981 6141 6149 7369 7381 7736 8338 8628 9271
24 1584 1996 2326 2401 2498 3035 3172 3436 4245 4509 5053 5185 5413 5722 5734 5784 6285 6536 6539 6789 7110 7644 8545 9346
31 603 1078 1094 1361 1832 2321 2435 2464 2528 2916 3236 3366 3933 4261 4881 4911 5599 6419 6852 7028 7040 7213 7913 8144 8179 9028 9294 9431 9716 9929 9969
27 119 658 1660 2336 2451 2647 3296 3531 3887 4057 4075 4325 4342 4817 5490 5572 5753 6317 7256 7306 7309 7345 8425 8738 8792 9200 9325
21 404 745 840 1075 2014 2055 2471 2512 3768 4357 4485 5454 5520 5783 6136 6850 8064 8527 8537 9575 9893
39 131 161 548 691 730 1127 1300 1681 2011 2508 2748 2827 3121 3136 3513 3515 4311 4456 4774 4859 4987 5155 5353 5486 5668 6040 6108 6666 6824 7222 8069 8280 8544 8673 8842 8864 8971 9018 9438
22 83 210 353 362 433 755 1122 1301 1827 2411 3380 3551 3863 4198 4619 4832 5102 6003 7712 8428 8459 9496
23 120 412 1103 1539 1592 1772 2085 3096 4046 4513 5196 5483 5581 6869 6876 7450 7576 8075 8458 9049 9207 9588 9828
24 27 520 789 2519 2610 3196 3561 3814 4042 4239 4574 5028 5033 5806 6077 6177 7122 7376 7800 7876 8158 8415 9353 9471
25 541 1463 1982 2413 2700 2749 2929 4013 4808 4898 5303 5442 5519 5576 6379 7789 8336 8782 8891 8969 9041 9265 9373 9502 9600
27 78 352 2215 2264 2688 3898 4443 4690 5064 5310 6284 6790 6818 7064 7621 7637 7642 7888 8188 8294 8732 8986 8987 9443 9503 9517 9805
27 192 288 1100 1152 1488 1590 1757 2524 2738 2813 3247 3654 3687 4494 4571 4755 4823 5330 5780 6059 6461 7846 8396 9083 9419 9479 9804
34 60 163 464 1270 1530 1733 1829 2529 2639 2836 3291 3447 3535 3579 3621 4069 4440 4548 4915 4965 6088 6344 6356 6623 7155 7294 7701 7831 7879 7961 8416 8649 9047 9693
23 487 529 590 1423 1953 2113 2500 3293 3886 4129 4139 4622 4720 5108 5541 5761 6221 6597 6867 7654 7958 9172 9662
22 380 623 801 942 1084 1647 2769 2799 2845 3905 4486 4611 5402 6371 6667 6669 7159 7270 8216 8494 9036 9252
20 51 593 1349 2137 2914 3075 3091 3559 3722 4125 4607 4979 6442 6909 7285 8092 9109 9408 9711 9921
17 22 211 974 2731 2787 4506 5100 5203 6771 7370 8197 8408 8426 8629 8717 9261 9549
22 12 262 311 720 1602 1663 2231 2611 2867 3306 3422 3924 4676 4744 5620 5825 6121 6184 6578 6741 7172 9773
