27 49 749 838 1183 1441 1768 2479 2540 2624 2888 2976 3060 3513 4874 4954 4978 5581 6193 6327 6645 6912 7784 8072 8176 8602 9467 9792
27 87 983 1271 1481 2002 2055 2257 2390 3000 3222 3650 3818 3951 4036 5007 5579 5647 5934 7211 8069 8365 8415 9342 9394 9637 9869 9887
28 30 210 257 373 681 1045 1158 1500 2712 3015 3511 3779 4119 4313 5158 6762 6874 7829 7951 8050 8114 8584 8777 8785 9135 9199 9901 9971
24 351 1137 2128 2278 2546 2953 3402 3577 3655 4243 4502 5113 5350 5669 5785 6045 6131 6262 6896 7600 8056 9407 9862 9915
26 339 367 432 1417 1505 1961 2374 2688 3091 3591 5326 5410 5661 6364 6586 6597 6720 7069 7564 7708 7752 8301 8596 8698 8712 8783
28 224 267 1231 1255 1835 2000 2669 3019 3145 3909 3938 4429 4805 5011 5340 5787 6290 6609 6786 6954 7106 7799 7858 8276 8603 9166 9688 9700
21 486 712 823 1470 1845 2044 2146 3139 3397 3759 3783 5023 5534 6084 6297 7609 7627 7749 7786 7800 7979
27 318 463 586 1559 1759 1937 2034 2100 3137 3212 3469 4247 4591 5923 6065 6456 6664 6814 6828 7045 7285 7512 8070 8562 9096 9665 9859
27 256 275 439 560 817 944 1079 1655 1927 2010 2030 2256 3658 4086 4349 5292 5322 5637 5926 6727 8078 8688 8995 9120 9816 9818 9888
43 105 143 180 234 461 636 885 899 1204 1235 1250 1303 1326 1479 1513 2112 2565 2731 3440 3448 4099 4146 4147 4198 4616 4621 4931 6094 6129 6682 7251 7821 8183 8510 8689 8947 9263 9408 9667 9738 9779 9952 9992
24 170 277 557 710 839 1732 1900 2960 3248 3431 3939 4838 5687 6482 6554 6703 7010 7470 7584 8536 8583 9196 9207 9488
27 7 163 588 727 887 1468 2788 3018 3234 3259 3278 3974 4734 5216 5293 5646 6355 6888 6939 7040 7213 7447 8074 8167 8816 9031 9034
24 114 488 901 1009 2638 2886 3096 3465 3912 4278 4387 4500 4936 6266 6361 6578 6759 6925 8377 9072 9390 9509 9730 9797
34 71 582 991 1118 1230 1422 1773 1803 2251 2354 2431 2838 3262 4315 4657 4679 4809 5123 5129 5196 5736 6217 6369 6779 7325 7433 7494 7517 8491 8966 8978 9611 9735 9899
25 882 1319 1944 2836 2970 3364 4488 4504 4675 5083 5148 5325 5540 5702 5710 5788 6168 6242 6368 7093 7608 8058 8351 8506 9852
17 218 890 1044 1372 2126 3134 3910 4373 4859 5659 6101 6895 6905 8145 8327 9256 9840
27 280 734 1053 1071 1171 1787 1808 2006 2017 2095 2140 2333 2745 2818 3461 4024 4453 5559 5760 6167 6559 6681 7032 8661 8789 9625 9927
25 208 843 1058 1973 2091 2443 3501 3521 3997 4043 4955 5086 5091 5883 6318 6484 6851 7249 7330 7561 7655 7842 8456 8604 8909
29 1215 1886 2789 3306 3425 3742 3919 4190 4263 4893 4986 4995 5145 5589 6085 6100 6346 6420 6986 7062 7080 7240 7661 7728 7880 8564 8579 8781 9323
30 86 144 404 777 828 1351 1657 3078 3473 3479 3547 4560 4923 5037 5402 5743 6161 6799 6892 7216 7344 7361 7541 7614 7631 7755 8085 8409 8523 9316
32 281 428 986 1132 1159 1516 1734 1789 2001 2359 2623 2898 2902 3362 4074 4506 4598 5076 5132 5348 5709 5960 6005 6670 6686 6929 7049 7621 7692 8554 9280 9964
16 934 2054 2628 2812 3112 3606 4078 4418 4783 4825 5027 5088 6818 7189 7583 8577
30 77 102 240 1101 1533 1858 2548 2752 2877 2986 3657 4095 4239 4562 4813 4916 5068 5212 5927 6107 6309 6566 6738 6980 7026 7274 7579 7778 9206 9766
28 47 111 408 641 1296 1309 1402 3593 3768 4575 4690 5105 5396 5906 5921 6249 6289 6454 6690 7153 7220 7266 8384 8519 9289 9413 9486 9931
28 99 133 376 645 756 775 859 953 1080 1090 1228 1975 3197 3213 3687 3711 4375 5243 5494 5951 6697 7018 7764 7923 7943 8474 9012 9307
30 1 101 438 500 1253 1377 1548 1684 1825 2324 2642 3119 3422 3437 3498 4273 4468 4728 4946 5398 6006 6111 6493 6952 7006 8224 8908 8957 9244 9375
29 338 374 494 503 736 1363 1400 1552 1582 2334 2543 2664 2751 2820 2915 3201 3752 3835 4412 5337 5375 5490 6351 6357 6735 7571 8693 9246 9681
24 314 1656 1885 1980 2397 2984 3138 3636 3902 4844 4862 5109 5210 5602 6775 6871 7334 7440 8027 8154 8547 8653 8778 9238
42 225 237 356 425 441 919 1014 1453 1461 1534 1715 1807 2207 2649 2865 3318 3586 3622 3728 4325 4413 4654 4766 4850 4873 5047 5199 5450 5651 7119 7516 7562 7888 7944 8202 8273 8861 8998 9049 9405 9465 9953
27 124 146 271 596 957 1134 1608 1921 2195 2206 2355 2446 2458 2461 2667 3598 3714 3827 4037 4289 4708 5360 6706 6722 6807 9221 9444
16 501 1879 2132 3095 3196 3317 3516 4957 7039 7420 8064 8591 8678 8814 9572 9849
25 174 243 833 1214 1279 1369 1483 1846 2941 3168 3751 4244 5279 5426 5824 5837 6917 6921 7115 7130 7281 7673 8284 9144 9445
27 14 679 1514 2009 2073 2231 2633 3103 3524 3623 3693 3990 4662 5110 5516 6331 6374 6388 6591 6800 7353 8193 8297 8383 9103 9561 9895
29 574 776 1033 1241 1344 1791 2011 2306 3026 3923 3960 4283 4320 5102 5139 5944 5979 6157 6197 7519 7679 7919 8051 8059 8182 8621 9326 9669 9871
29 283 303 568 1586 1728 1780 2765 3512 4038 4076 5898 6375 6512 6602 6728 6744 6960 7024 7231 7651 7936 8326 8433 8492 8753 8954 9253 9740 9907
24 410 1239 1487 1809 2168 2526 2759 2900 3659 3995 4526 5225 5307 5674 5778 6183 6570 8495 8590 9026 9384 9466 9847 9867
23 469 570 654 1217 1358 1416 1598 1699 1843 1892 2227 2774 3185 3453 3983 5593 5630 5643 5694 5867 6181 7723 9670
29 68 313 683 1397 1751 2453 2595 2760 3016 3771 4110 4288 4332 4377 4380 5332 5565 5737 5777 5904 6021 6417 6956 7128 7647 7963 9061 9187 9372
30 296 601 1032 1264 1410 1456 1464 1473 2194 2854 3585 3972 4884 4888 5125 5190 5406 5458 5580 6096 6328 6633 6826 7286 7567 8057 8149 9556 9593 9666
17 291 330 417 921 1360 2120 2184 2372 3411 4782 5259 5724 6746 8012 8956 9203 9982
29 289 1019 1531 2330 2363 2647 3436 3777 3797 3878 4557 4625 5020 5025 5075 5291 5610 5681 5773 7589 7688 7895 8216 8800 9160 9351 9504 9620 9860
28 534 593 1873 1922 1995 2174 2412 2608 3080 3379 3400 3635 4016 4490 4593 4716 5120 5284 5598 6246 6615 7407 7510 7713 7733 8531 9631 9725
42 411 457 580 651 814 853 1412 1620 1711 1854 2519 2575 2892 2912 3765 4407 5127 5141 5473 5799 6072 6211 6381 6483 6510 6533 6982 7612 7656 7780 7802 7851 7896 8250 8448 8806 8808 8843 9353 9367 9541 9641
22 407 446 689 1709 2265 2908 3032 3045 3432 3730 3758 4345 4378 4741 4959 5475 6053 6255 7530 9269 9331 9973
30 478 506 558 563 898 1091 1160 2954 3007 3162 3817 4364 4643 4872 5368 6140 6323 6487 6657 7355 7441 7524 8063 8125 8134 8404 8729 8746 9602 9703
37 323 895 1105 1966 1992 2038 2766 3146 3223 3342 3384 3385 3905 4143 4424 4977 5215 5338 5498 5631 5733 5859 6034 6475 7310 7558 7916 8033 8611 8844 9110 9157 9214 9377 9578 9697 9934
18 949 1168 2335 3039 3260 3565 4030 4357 4970 5051 6793 6957 7008 7269 7509 8747 9057 9794
24 320 1278 1771 2097 2837 2874 3085 3545 3673 4309 4754 5101 5108 5935 6002 6366 7096 7147 7391 7636 8025 8780 8963 9817
26 126 729 1040 2591 2615 2778 2897 3640 3733 4195 4296 4568 5065 5424 5467 6271 7087 7190 7654 8557 8634 8666 8883 9320 9499 9531
34 216 896 1094 1523 1673 1934 2016 2772 3341 3371 3849 3859 4204 4482 4871 5005 5258 5444 5749 6343 6634 7227 7308 7684 8071 8636 8721 8902 8906 9138 9436 9550 9560 9573
28 209 612 900 1754 2154 2191 2338 2503 2822 3230 3285 3632 3721 3935 3975 5868 6216 6220 6248 6562 7005 7020 7246 7701 8231 8632 8748 9037
27 413 797 941 1189 2138 2424 2634 2880 2929 3297 3761 3911 4632 6348 6376 6397 6462 6890 7278 7702 7857 7990 8850 8856 9469 9535 9821
33 43 159 190 566 799 1048 1799 1912 2018 2294 2375 2579 2754 3158 3267 3712 3805 3982 4259 4836 4943 5302 5397 5616 5781 5875 6371 6459 6963 7439 8373 9170 6044
28 1508 1951 2021 2169 2368 2386 2482 2625 2989 3044 4039 4383 4849 5357 5642 6027 6926 6934 7219 7335 7809 8217 8333 8489 8676 8710 8733 9341
33 552 571 673 688 1478 2182 2599 2786 3252 3481 3621 3739 4019 4337 4426 4540 4636 4760 5099 5481 5985 6127 6188 6383 7410 7836 8130 8219 8247 8349 8795 9190 9579
34 632 697 1233 1708 1816 2043 2248 2311 2814 2999 3089 3097 3383 3663 4059 4277 4329 4343 4457 5019 6190 7358 7528 7759 7856 8195 8422 8539 8645 8734 8849 9830 9864 9959
36 117 391 626 751 976 1297 1388 1844 1911 2205 2555 2596 2801 2808 2945 3189 3597 3949 4847 5713 5864 6138 6339 6509 6513 6668 6787 6984 7540 7693 8168 8359 8705 9124 9131 9823
33 419 1640 2093 2301 3046 3101 3236 3272 3429 3633 4307 5422 5751 5783 5893 5958 6009 6104 6593 7370 7437 7747 7797 7887 7906 8042 8099 8316 8399 8502 8690 9024 9533
20 1637 1767 2181 2512 2531 2728 3022 4326 5213 5234 6298 6536 6844 7495 7681 7714 7993 7994 9492 9597
21 519 752 2276 2323 3183 3493 4317 4369 4991 5377 5839 6778 6883 7277 7757 8021 8655 9470 9795 9919 9969
30 326 392 699 769 1557 1840 2162 2469 2831 2851 3522 3744 4001 4302 5124 5204 5206 5590 5807 5823 6446 8192 8223 8345 8739 8740 9271 9600 9686 9778
31 409 509 1002 1167 1447 1855 1902 2110 2216 2295 3261 3409 3430 3891 3980 4010 4501 4832 5055 5073 5591 5742 6070 6737 6806 7421 7436 7751 8757 9234 9639
25 268 1436 1648 1739 2307 2491 2998 3365 3401 3787 4173 4270 4979 6439 6521 6677 7238 7413 7707 7873 8432 8542 9200 9329 9765
22 154 205 1596 1850 1896 2716 4285 4858 5218 6207 6424 6470 6710 7255 7628 7819 8427 8614 9117 9119 9338 9928
28 106 378 1010 1068 1906 2274 3254 3337 3352 3472 3865 4113 4983 5395 5414 6012 6139 6280 6340 6460 7878 8965 9014 9074 9155 9647 9690 9991
25 335 542 1247 1373 1399 1810 2825 2978 3193 4093 4571 4649 4653 5066 5496 5638 6349 6353 6838 6881 7625 8233 8624 9201 9769
24 41 597 717 782 908 1064 1744 2440 2926 2959 4260 5147 5346 6618 6715 6813 6962 7618 8341 8842 9173 9745 9845 9950
21 34 475 482 841 947 1451 1592 1914 2621 3809 4406 5288 5506 6604 6846 7298 7388 7806 8353 9343 9967
30 849 979 1305 2780 2796 3133 3583 3803 3962 4136 4589 4682 4763 4990 5273 5600 6344 6479 7753 8181 8500 8741 8916 9015 9274 9308 9523 9526 9995 9999
31 202 363 656 669 789 1915 2218 2402 2509 3098 3237 3336 3992 4820 5232 5658 5765 5874 5974 6286 6425 7725 8203 8466 8877 8911 8996 9006 9150 9716 9755
34 386 516 897 1165 1634 1646 2296 2569 2590 2806 3293 3321 3566 4507 5811 6403 7401 7547 7659 7685 8073 8288 8299 8321 8444 8664 8769 8817 8819 8920 9152 9317 9420 9715
28 604 758 1401 1588 2726 2935 3010 3174 3202 3424 3944 4346 6017 6452 6492 6622 6767 7905 8797 8903 9121 9163 9209 9474 9748 9833 9940 9998
33 166 178 785 960 1109 1245 1653 1983 2353 2697 2966 3570 3731 3880 4311 5130 5252 5971 6015 6304 6573 6973 7553 7815 8015 8095 8256 8330 8403 8657 8841 9613 9926
18 361 1448 1518 2052 2885 2996 3043 4314 4661 4771 5605 5797 6835 7831 7883 8152 8870 8919
30 48 196 445 1482 1562 2466 2553 2578 2701 2783 2799 3395 3801 4479 4685 5389 6337 6647 7003 7408 7543 7577 7595 8023 8487 8619 8749 8967 9139 9658
26 2 337 531 863 880 1001 2042 2063 2316 2790 2913 3495 3517 3627 3639 4047 4068 5286 5323 5914 8174 8337 8913 9237 9369 9537
27 110 249 668 762 868 1221 1524 1833 3076 3264 3334 3399 3841 5545 6086 6087 6212 7566 8212 8950 9075 9147 9167 9278 9720 9810 9882
30 492 1106 1282 2122 2302 2336 2582 2694 2709 2717 2917 2994 3697 4129 4528 5167 5474 6288 6332 6427 6477 7292 7396 7397 8155 8253 8405 8597 8617 9153
34 149 203 299 553 1108 2240 2478 2592 2950 3142 3287 3289 3836 4432 4992 5755 5805 5891 5947 6099 6206 6299 6431 7430 7640 8310 8382 8475 8576 8837 8931 9098 9159 9515
28 197 456 948 1486 1782 2015 2514 3333 3494 3594 3603 4581 4634 4765 4827 5245 6032 6270 7027 7719 7770 7870 8060 8254 8776 8829 8876 9610
21 980 1186 1339 1726 2090 2230 2549 2896 3071 3563 4287 4347 5056 5369 6235 7051 7601 8356 8709 8761 9798
30 242 1330 1371 1433 1868 1913 2291 2736 2909 3405 3578 3854 4004 4269 5826 5833 5966 6471 6608 7910 7925 7966 8001 8190 9101 9224 9314 9553 9660 6039
29 230 513 835 1232 1594 1642 2567 3035 3390 3740 4000 4421 4606 5618 5666 6029 6030 7029 7341 7760 8006 8153 8264 8588 8756 8894 9540 9668 9805
22 28 971 1612 1812 3991 4104 4471 4770 4903 5280 5552 5670 6195 6496 7463 7924 8346 9185 9692 9832 9850 9851
25 46 261 354 1025 1299 1585 1638 2064 2753 3361 3427 3846 3976 4075 5161 5170 5394 5692 5998 6162 7586 7828 8123 9195 9446
23 659 1993 2905 2940 3468 3629 4829 4866 5510 6046 6308 6367 6393 6407 6603 7053 7968 8238 9039 9045 9300 9392 9839
34 220 468 520 1122 1290 1431 1685 2081 2225 2381 2843 2930 3256 3645 3668 3745 3790 4206 5541 5574 5701 6075 6560 6743 6757 6938 7529 7545 7666 8103 8260 8488 9132 9704
27 554 1325 1342 2177 2391 2574 2597 3620 4717 4745 5174 5230 5573 6159 6186 6241 6810 7487 7597 7967 8112 8175 8208 8292 8707 9127 9279
30 80 322 646 686 1196 2037 2348 2414 2425 2744 3070 3135 3150 3220 3672 4919 5942 6362 6605 6636 6731 8022 8170 8266 8379 8809 8867 8889 9577 9619
28 1340 1758 1878 2474 2494 2971 2975 3281 3860 4048 4238 4533 4775 4885 5353 5623 5682 5815 6227 6849 7031 7038 7449 8124 8958 9385 9650 9753
21 189 487 687 1005 1051 2361 3515 3664 3680 4437 4677 4695 5074 5442 5948 6001 6013 6771 6843 6987 8497
32 116 259 402 803 1317 1324 1438 1476 1831 2151 2267 2961 3769 3858 4006 4137 4328 5385 5568 5776 5814 6410 7501 7826 8244 8347 8400 8686 9078 9705 9771 9866
31 824 830 959 1766 2175 2527 2561 2626 3339 3410 3703 4080 4267 5080 5354 5355 5652 5695 6062 6518 6652 6693 6763 7239 7293 7486 7503 7620 7763 8548 9772
20 1897 1899 2488 3055 3056 3486 3807 3899 4256 5165 5223 5607 5954 7099 7854 8009 8127 8144 8518 9791
29 377 624 666 794 1069 1126 1323 1848 2159 3107 3300 3417 3553 4079 4390 4596 4642 4830 5274 5329 5973 7121 7792 8529 8820 9254 9268 9301 9477
25 999 1104 1624 1710 1861 2244 2366 3194 3320 4069 4248 4414 5079 5166 5388 5446 6619 6726 6733 7012 8652 8694 8891 9529 9677
19 637 1338 2703 2775 3004 3219 3637 3918 5922 6031 6421 7885 8418 8592 8711 8865 9013 9242 9944
33 371 525 2135 2481 2537 2666 3014 3393 3915 4115 4408 5403 5567 5633 5820 6038 6048 6120 6284 6498 6625 7322 7336 7613 8395 8501 8625 9252 9335 9442 9473 9630 9712
34 119 254 448 883 1012 1145 1547 1665 1785 1907 2936 3225 3662 4088 4532 5365 5430 5549 5903 5925 6041 6082 6311 6522 6933 7116 7309 7791 7822 8019 9189 9319 9383 9858
27 82 255 943 1201 1462 2475 2794 2839 3067 3917 4592 5026 5228 5557 5798 5949 6058 6236 6867 7028 7100 7199 8465 9022 9824 9932 1223
22 309 395 764 876 1577 2094 3088 3331 3344 3922 4752 4800 5054 5449 5856 6164 7551 7946 8035 8971 9603 9743
29 55 125 325 590 1000 1335 1379 1698 1824 1874 2349 2899 3614 3741 4056 4611 5514 5571 5967 6004 6330 6580 6997 7515 7522 8017 9542 9718 9857
28 72 561 1156 1294 1881 1985 2089 2103 2852 3020 3616 3704 4352 4415 4692 5255 5716 5993 6153 6887 6944 7716 7861 8030 9033 9197 9232 9841
24 11 511 518 968 2518 3450 3528 3720 5219 5376 5870 6837 7044 7055 7066 7565 8381 8899 8917 8962 9036 9215 9536 9614
32 183 184 933 1024 1028 1460 2326 2523 3735 4892 5221 5254 5523 5563 5873 5992 6436 6999 7662 7907 7940 8000 8204 8222 8243 8286 8332 8866 9114 9768 9783 9889
31 684 708 1413 1669 1689 2106 2423 2643 2951 3094 3108 3152 3279 3348 4436 4455 5843 6124 6665 6969 7043 7769 7913 7975 8334 8585 8629 8727 8923 8972 9168
24 436 665 1072 1129 1576 2462 2502 2875 3484 4514 4608 4840 6903 7091 7226 7275 8029 8092 8840 9178 9229 9683 9721 9808
26 90 619 1063 1285 1542 1546 1694 2415 3048 5583 5608 5725 5916 5938 6113 6650 7345 7473 7484 8907 9293 9352 9524 9728 9813 8630
31 1578 1599 1719 2594 2657 2676 2991 3128 3161 3324 3702 3848 4399 4401 5359 5537 5592 6136 6341 7182 7843 8052 8109 8494 8646 8767 8955 9001 9222 9567 9949
22 1427 1813 2356 2441 2448 3153 3215 3724 4192 4517 4572 5072 5082 5103 6305 7183 7932 8901 8924 9250 9324 9831
35 156 311 614 690 917 1667 1948 2029 2141 2155 2384 2438 2793 3485 3641 3828 4050 4290 4537 4619 4678 4938 5122 5525 5745 6437 7914 7934 8412 8802 9601 9634 9672 9894 9920
26 78 902 1291 1467 2039 2250 2320 2890 3600 4420 4497 4681 4748 5180 5726 6060 6158 6380 6971 7422 7638 7882 8128 8508 9801 9993
23 15 2370 2879 3575 3755 3796 3907 3950 5149 6315 6386 6714 6931 7253 7472 7497 7610 8339 8406 9283 9414 9659 9806
23 796 1315 1349 1463 1622 1890 2673 2683 2847 3258 4159 4819 5746 6373 6894 7081 7898 8148 8397 8555 8813 9313 9433
26 139 540 573 1385 1687 1770 2170 2452 2576 3170 3363 4286 4548 4857 5278 5372 5700 5753 6176 6468 7085 7327 8977 9249 9571 9854
23 142 594 1164 2111 2130 2427 2508 2632 3921 4899 5067 5460 5861 6551 6992 7140 7680 8036 8259 9366 9410 9415 9774
34 327 415 852 956 1061 1076 1393 1507 1623 3064 3214 3544 3550 3676 4280 4542 4886 4972 4984 5493 5957 6307 6601 6626 6916 7580 8024 8142 8229 9208 9248 9653 9819 9975
29 57 121 539 1593 1660 1666 1956 2109 2382 3872 4012 4360 4527 4965 5157 5229 5621 5758 6057 6363 6384 6547 6928 7111 7918 8472 8530 8587 8665
25 865 1113 1257 1626 2507 3426 3527 3794 3877 4045 4177 4802 5191 5256 5437 5761 6196 7004 7178 7222 7899 8272 8525 8668 9655
27 136 473 623 2280 2497 3825 3871 3927 4035 4220 4617 4912 5236 5271 5553 5912 5988 6172 6922 7342 7406 8162 8892 8895 9065 9627 9684
26 27 1148 1216 1618 2026 2239 2329 2489 2764 3506 3837 4856 5582 5880 6003 6379 6544 7019 7193 7705 7805 8003 8275 9016 9071 9230
26 128 834 1406 1440 1519 2284 2721 2723 2878 4237 4365 4796 5022 5917 6043 6399 6546 6696 7056 7460 7859 8179 9428 9576 9583 9970
31 621 1193 1496 1635 1674 1716 1733 2510 2522 2725 3205 3455 3466 3625 4312 4439 5310 5527 5551 5748 6192 6408 7496 8054 8220 8476 8503 8537 9767 9829 9985
25 177 1411 2071 2246 2298 2495 2577 2755 3685 4172 4211 4213 4764 4947 5324 5500 5668 5882 6133 6191 6705 6946 7954 8745 9064
34 98 245 1621 1753 1884 2145 2161 2255 2444 2505 2601 2603 2952 3021 3800 4224 4465 4486 5479 5575 5614 6163 6250 7807 7909 8549 8613 8773 9198 9226 9299 9532 9796 9881
18 274 512 1609 2586 3560 4042 5060 5195 6587 7113 7237 7244 8663 8791 8793 8873 9276 9348
32 60 226 658 755 1016 1352 1355 1769 1863 2047 2404 2538 2943 2958 3523 3568 3669 3973 5008 5587 6660 6802 7179 7875 7908 8454 8648 8986 9047 9118 9844 9874
42 100 160 346 870 894 1006 1039 1143 1150 1178 1678 1764 1836 1960 2136 2946 3353 3862 4281 4396 4897 5017 5044 5433 5455 5470 5800 6144 6314 6870 6882 7110 7423 7466 7698 7812 8328 9063 9171 9339 9722 9984
22 342 589 779 2281 2651 2969 3760 3875 4751 5299 5611 6081 6226 6447 6899 7175 8161 8461 8912 9080 9628 9910
29 720 768 872 1007 1199 1202 2027 2088 2289 2428 2516 3207 3582 3729 3743 3996 4144 4635 5014 5686 6416 6850 6860 7326 8146 8560 8910 9051 9175
20 618 1617 1972 2861 3374 3564 3718 3781 4216 4241 5290 5328 6123 6175 6820 7921 8644 9652 9822 9846
26 1435 2165 2477 2616 3251 4182 4208 4233 4376 4478 5381 5497 6480 6599 6876 7104 7168 7521 8237 8362 8364 8396 8442 8482 8847 9855
32 675 718 743 1207 1272 1489 1788 2434 2525 3143 3355 4235 4342 4366 4374 4435 4669 5766 6036 6594 6658 7557 7798 8283 8320 8468 8639 8677 8703 9053 9764 9837
34 137 642 698 2148 2153 2400 2493 2891 3147 3856 3952 4142 4600 4686 4697 5032 5077 5133 5688 5852 6319 6377 6889 7318 7329 7504 7928 7931 7961 8660 8886 8982 9097 9183
29 1067 1098 1140 1378 2536 3011 3217 3245 3834 4105 4274 4620 4729 5657 6258 6773 7152 7195 7312 7362 7653 7694 7876 7948 8137 8268 8987 9116 9516
32 85 122 188 744 763 1304 1583 1990 3148 3187 3503 3611 4254 4324 4487 5135 6068 6506 6550 6988 7072 7205 7505 7668 8158 8191 8329 8425 9056 9141 9325 9432
32 135 430 913 1316 1713 2254 2399 2449 2521 3037 3328 3441 3674 4262 4321 4612 4683 4883 5096 5675 6189 6667 6695 7094 7162 7368 7734 8034 8656 8750 8763 9886
28 140 153 508 609 790 1384 1541 1967 2072 2447 2486 2830 2859 3051 4308 4382 4879 5313 5488 5517 6109 6947 7411 7715 8008 8608 9336 9685
38 95 239 278 324 355 989 1047 1054 1936 2179 2939 3304 3314 3701 4103 4585 4974 5015 5303 5362 5393 5943 5980 6285 6458 6825 6891 6907 7108 7131 7194 7452 7986 8197 8991 9411 9757 9906
40 16 465 653 793 972 1321 1426 1693 1705 2067 2920 3114 3288 3556 3780 4547 4666 4739 5443 5536 5656 5678 5734 5965 6365 6392 6515 6827 7365 7976 8011 8628 8782 8859 9374 9398 9427 9586 9812 9903
34 750 862 1266 1314 1322 1522 2222 2388 2637 3343 3443 3587 3931 3981 4013 4713 4999 5049 5134 5804 6166 6577 6910 7021 7537 7570 7724 9169 9260 9478 9489 9834 9961 9997
24 726 759 930 1603 1670 1731 2604 2824 3003 4064 4705 4967 5383 6981 7157 7389 7450 7682 8308 8338 8453 8572 9455 9965
22 18 108 453 1313 1434 1920 2086 2682 3240 3268 3408 3442 3446 4214 5491 5959 6125 6919 7478 8794 8921 9281
35 282 772 1857 1987 2053 2339 2409 2652 2658 2841 2873 3017 3716 3897 3946 4334 4701 5452 5533 5720 5828 6908 6996 7025 7252 7263 7603 7696 7971 8993 9182 9397 9605 9848 9989
24 4731 279 460 524 1240 3456 3762 4171 4559 4658 4761 6142 6732 6854 6943 7083 7207 7575 9106 9161 9426 9451 9566 9717
27 490 822 1969 2142 2346 2362 2456 2962 3124 3181 3574 3864 4456 4659 5013 5512 5939 6409 6709 6795 7678 8236 8249 8368 8854 9750 9843
28 167 290 306 489 685 709 1027 1123 1256 1318 2550 2685 2881 3305 3791 4476 4574 4615 5153 5211 5237 5387 5511 6400 7351 8872 8937 9682
25 179 284 538 1801 2785 3845 4331 5029 5417 5952 5964 6253 6396 6640 6878 7097 7117 7169 7217 7223 7313 7941 8578 8642 9084
23 416 1020 1631 2635 3006 3276 3968 4184 4362 4398 5899 6204 6243 6274 6781 7254 7372 7468 8291 8699 8713 9662 9680
27 364 728 1013 1234 1544 2149 2185 2795 3104 3177 3786 4017 4089 4670 4704 4753 5041 5194 5227 5794 6805 7732 7879 8933 9645 9694 9790
38 412 667 809 1038 1125 1367 1374 1957 2113 2566 2687 3326 3369 3372 4156 4411 5085 5373 5478 5508 5704 6321 6448 6788 6955 7232 7591 7970 8043 8513 8616 8680 9158 9458 9782 9935 9951 9983
30 214 771 1817 1952 2350 2724 2876 3023 3131 3538 3661 3821 3883 3936 4301 4388 4715 5251 5759 5962 6442 7241 7750 7900 8255 8387 8437 9726 9877 9923
37 42 221 244 652 854 982 1161 1630 1888 2025 2341 2593 2819 3377 3686 3985 4440 4586 4738 5155 5401 5715 6079 6149 6433 6694 7518 8293 8344 8385 8464 8651 8938 9122 9347 9373 9699
24 634 1477 1856 2183 2273 2457 2511 2965 3038 3690 4584 4660 4781 5178 5276 5370 6218 6638 6676 7236 7902 8014 9133 9227
45 191 222 541 631 660 1302 1347 1540 1841 2040 2082 2299 2371 2564 2828 2871 3246 3534 3576 3631 3651 3691 3925 4161 4178 4452 4481 4656 5391 5408 5584 5691 6199 6426 6742 7054 7196 7646 7718 7950 8079 8424 8551 8926 9422
32 1194 1236 1310 1493 1511 1529 1697 1774 2259 2559 2663 3933 3954 4046 4316 4370 4788 5177 5645 5731 5961 6185 6221 6852 7225 7409 7412 7446 7871 8951 9040 9552
29 29 333 390 1365 1760 2066 2124 2416 3009 4063 4120 4330 5266 5556 6018 6441 6689 7174 7323 7384 7675 7983 8108 8335 8438 8831 8925 8976 9654
39 25 158 587 851 878 978 1127 1439 2228 2275 2379 2417 2515 2769 3757 3812 3813 4209 4339 4854 5131 5192 5309 5566 6026 6102 6137 6148 6180 6208 6294 6345 6543 7315 7499 8005 8700 9017 9596
28 96 474 760 1075 1268 1362 1430 1628 2612 3165 3525 3599 3684 4116 5246 5535 6635 7200 7386 8076 8357 8855 8869 8885 9027 9099 9264 9425
33 317 997 1036 1521 2405 2957 3082 3308 3785 4130 4153 4253 5006 5358 5562 5829 6064 6194 6966 6979 7001 7644 7844 8294 8818 8852 8868 8980 9000 9041 9220 9719 9954
25 422 1260 1289 1526 1871 1876 1954 1989 3066 3478 4353 4450 4472 4926 4932 4953 5418 5841 6106 6296 7398 7837 8207 9140 9334
32 56 2911 3033 3105 3709 3955 4814 5848 5931 6301 6750 6754 6785 7481 7550 7634 7783 7865 8045 8061 8262 8473 8516 8528 8532 9005 9265 9346 9389 9430 9756 9838
18 832 1022 1078 4480 4516 4535 4841 4870 5298 6674 7050 7243 7790 8561 8835 8857 9089 9942
18 903 2776 2910 3319 4861 5469 6011 6050 6088 6324 6404 6700 6853 7280 7456 8194 9485 9990
24 252 598 647 1065 1066 2288 2293 2367 3028 3042 3173 3195 4462 5069 5768 6173 6669 6897 7186 7663 8184 8582 8718 9429
24 70 236 385 808 1077 1284 1658 1805 2308 2787 2907 3079 3810 4266 4379 4554 4835 5706 6110 6317 6412 7958 8493 9476
35 123 155 530 923 932 1110 1139 1293 1749 2186 2201 2266 2451 2542 2932 2949 3200 3255 3519 3903 4032 5046 5116 5699 5767 5869 6661 7161 7731 8104 8594 8751 8930 9761 9803
35 301 722 1192 1568 1683 1904 1940 2286 2413 2714 3054 3242 4141 4205 4227 4433 4489 4733 5098 6205 6590 6662 6701 6842 6936 7014 7172 7427 7901 8118 8234 8417 8853 8880 9979
26 576 2804 3184 3518 3792 4132 4166 4358 4700 4989 5224 5451 5879 6073 6302 7133 7165 7270 7271 7294 7459 8178 8556 8618 9148 9306
20 92 1654 1765 1917 1942 2272 3116 3412 3850 4009 4303 4485 5836 6278 6528 6748 6816 7109 8796 9908
33 429 1087 1558 1839 2061 2262 2377 2659 2884 3811 3874 3971 4057 4073 4081 4305 4694 4724 4727 4755 5431 5907 6054 6178 6592 7307 7317 8188 8429 8691 8722 9475 9815
29 879 988 1494 1720 1943 2439 2620 3144 4441 4588 4723 4779 4798 4982 5220 5940 6303 6329 6451 6829 7180 7488 7538 8462 8731 9321 9464 9828 9909
31 1152 1404 1495 1784 1924 2450 2506 2665 3316 3483 3546 3638 3887 4002 4026 4087 4292 5012 5411 5822 6202 6453 6581 6911 7154 7197 7385 7999 8309 8811 9759
27 141 293 635 692 700 1017 1862 1865 1889 2283 2401 3167 3295 3327 3496 3653 3699 4246 4463 5740 6237 6488 6529 7544 9019 9125 9568
36 483 1169 1226 1570 1750 1783 2092 2483 2581 2606 2653 2719 2817 3299 3737 3763 4240 4402 4467 4610 4633 4964 5521 5619 5866 6055 6596 7485 8218 8258 8370 8413 9059 9277 9354 9638
40 148 467 507 562 664 812 945 966 1218 1334 1520 1530 2600 3346 3504 3945 4242 4443 4962 5093 5151 5333 6223 6273 6663 6702 7102 7142 7198 7297 7645 7699 7700 7817 7989 8210 8350 8898 8970 9184
22 129 328 845 1312 1837 2187 2380 2403 3770 4409 4446 4573 4878 5477 5634 5872 6097 6644 7164 7552 9111 9777
35 152 285 648 787 806 1083 1308 1566 1704 1721 1859 2099 2534 2883 2894 4157 4492 5179 5423 5970 6213 6244 6292 7156 7415 7531 8101 8225 8227 8416 8939 9112 9461 9648 9731
30 372 434 739 935 1332 1575 1867 2408 2800 3179 3480 4117 4631 4795 5539 5703 6184 6481 6491 6642 7092 7774 8421 8445 8446 8599 8622 9164 9870 9946
29 51 118 1475 1671 2115 2134 2528 2691 3157 3376 3476 3592 3857 4794 4807 5061 5363 6263 7445 7652 7794 7869 8198 8221 8248 9192 9202 9251 9960
33 0 36 423 499 766 791 1211 1380 1381 1695 2036 2163 2844 2947 3302 3554 4101 4234 4404 4784 5035 5834 5884 6422 6561 7009 7542 7622 7782 7893 8801 9082 9968
31 334 951 1405 1977 2032 2119 3199 3354 3541 4917 4940 5181 5399 5714 5803 6083 6092 6098 6272 6390 6557 6879 6950 7000 7158 7498 8240 9181 9296 9701 9736
32 165 491 591 714 1636 1982 2104 2856 3052 3275 3467 4410 4737 5034 5466 5969 6659 7173 7404 7458 7745 7789 8496 8515 8863 9129 9180 9512 9708 9709 9784 9943
29 382 628 1633 2459 3005 3053 3235 3601 3863 4484 4900 4951 5063 5112 5143 5484 5930 6268 6666 7167 7212 7418 8571 8695 8726 8784 9403 9450 9543
24 493 599 807 816 2059 2598 3025 3310 3695 3844 4522 6122 6230 6531 6865 6927 7215 7284 7400 7535 7596 8575 8936 8989
43 406 910 954 1055 1141 1146 1185 1702 1806 2028 2711 2933 3380 3696 3723 3988 4271 4684 4823 5033 5438 5932 5981 5996 6000 6078 6141 6765 6901 7042 7258 7448 7927 7972 8093 8336 8538 8764 8790 8830 9565 9623 9775
27 295 307 380 521 578 1107 1659 2193 2436 3609 3649 4124 4552 4563 4769 4985 5121 5193 5327 5529 5809 7105 7289 7683 7691 9128 9629
32 217 340 451 781 798 810 1097 1795 2166 2317 2504 3773 3776 3820 4131 4438 4531 4742 4785 5171 5594 6182 6214 8367 8669 8723 8787 8822 8922 9095 9457 9780
34 89 319 387 424 715 858 1267 2189 2260 2325 2496 2735 3012 3081 3292 3551 3671 3774 3896 4015 4759 5367 6247 6588 6617 6811 6877 7129 7426 7660 7996 8449 8752 8836
28 388 514 906 1176 1375 1389 1741 1822 1925 1926 2069 2125 2500 2730 2813 3414 3619 4356 4384 4580 5137 5585 5984 7483 8235 8570 9388 9439
38 401 695 1043 1062 1252 1738 2268 2821 3323 4108 4299 4386 4513 4519 4544 4826 4950 5000 5018 5163 5295 5502 5599 5690 5791 6394 6463 6747 7316 7343 7431 7585 7804 8481 8815 9052 9382 9417
27 288 343 535 620 1368 1605 2376 3932 4187 4405 4875 4975 5152 5226 5489 5840 6019 6678 6858 7185 7208 7453 8140 8300 9517 9865 9994
35 229 292 706 738 875 1485 1968 1988 2023 2051 2160 2172 2570 2609 2648 3804 3840 4029 4155 4225 4430 5364 5835 6450 6834 6869 7151 7283 7511 7593 8173 8428 8742 9585 9702
30 19 454 477 607 670 723 2031 2178 2270 2303 2704 2846 3277 3452 3881 4646 5282 5632 5845 5913 5928 6265 6358 6656 7047 7314 7346 7554 9564 9893
22 1503 2035 2738 2987 3136 3224 3876 4929 6267 6789 7013 7534 7665 8514 8654 8944 8969 9060 9172 9437 9548 9587
24 842 1130 1224 1537 2137 2484 2740 4372 4966 5262 5888 6628 6861 7321 7514 7664 7890 8245 8846 8896 8964 9258 9440 9922
23 238 248 672 1008 1042 1120 1292 1331 1395 2304 3520 4028 4368 4385 4503 4937 5415 6093 6555 8107 8411 8568 8640
23 1370 3665 3738 3747 4279 4495 4601 4711 5239 5480 5790 6606 6964 7935 7981 8213 8775 9094 9257 9284 9448 9487 9498
39 198 987 1111 1762 1946 2277 2583 2622 2729 3188 3736 4310 4698 5136 5270 5457 5544 5764 5978 6047 6154 6155 6884 6900 7086 7148 7149 7479 7630 7897 8157 8772 9231 9547 9612 9836 9853 9872 9912
27 907 1225 1437 1829 2312 2322 2331 2807 2815 3008 3866 4767 5052 5287 5507 5518 6024 6395 6502 7689 8046 8082 8452 9069 9357 9534 9914
25 53 302 565 931 1112 1261 1474 2013 2733 2993 3357 3749 4469 4837 4988 5050 5092 6707 7068 7795 8674 8803 9376 9511 9811
23 1619 1650 1668 1755 1945 2062 2074 2263 2982 3228 3238 3457 3558 4499 5526 5887 6790 6796 6914 7282 7841 8754 9972
32 829 891 1364 1645 1775 1928 2085 2173 2305 2468 2722 3203 3307 3471 3683 4706 6508 6584 6804 7095 7112 7264 7414 7788 7839 8090 8361 8671 8732 8893 9093 9365
22 707 819 1034 1682 2385 2470 2547 2568 3392 4151 4158 4719 4797 5439 6264 6281 6514 7643 8116 8166 8380 8573
36 3 162 182 485 1387 1996 2271 3058 3113 3126 3176 3634 3870 3893 3943 3947 4757 5039 5040 5531 5663 5889 6685 6857 6983 7311 7546 7676 7690 7787 8133 8199 8311 8717 9044 9318
29 39 905 981 1103 1883 1908 1938 2318 2668 2977 3689 4180 4294 4496 4691 5100 5818 6833 6864 7405 7808 8419 8692 8771 8968 9073 9435 9883 9905
29 40 104 702 1179 1595 2003 2105 2253 2627 2756 3057 3340 3930 3941 4020 5983 6282 7287 7709 7889 8122 8470 9083 9123 9176 9406 9434 9733 9861
32 219 360 745 1419 1574 1796 1811 1931 2499 2781 2956 3029 3130 3394 3607 3746 4082 4602 5501 5547 5609 5629 5793 6239 6672 6951 6977 7324 7605 7912 8670 9371
29 59 175 201 362 526 583 595 800 1600 1700 1729 2467 2833 3438 3698 4031 5140 6146 6169 6572 6691 7067 7290 7350 7560 7594 7830 8589 9873
34 94 310 375 537 711 719 1254 1601 1745 1800 3656 3677 4252 4529 4536 4877 5233 5281 6300 6474 6991 7942 7964 8131 8319 8342 8860 8932 9002 9004 9136 9217 9518 9657
34 212 253 920 1677 2107 2129 2211 2394 3024 3381 3462 3806 3808 4245 4758 5314 5456 5465 5956 6112 6306 6485 6516 6736 6824 7077 7523 7754 8620 8975 9225 9262 9691 9913
27 231 703 973 1095 1155 1955 2426 2922 3180 3459 4145 4264 5963 6069 6210 6935 7145 7374 7480 7599 7695 7852 8765 8959 9261 9285 9449
35 157 543 575 904 962 1219 1688 1842 2084 2087 2180 2942 3208 3332 3345 3359 3571 4473 5004 5530 5606 6080 6200 6254 6312 6631 6830 6941 8410 8904 8990 9088 9291 9521 9651
34 264 861 893 1060 1390 1408 1901 3283 3398 3507 3514 3596 3869 4175 4189 4207 4217 4322 4868 5341 5625 5628 6165 6511 6687 7230 7476 7717 7779 7803 8136 8318 9243 9349
35 8 32 79 437 733 840 1222 1452 1851 2672 3312 3391 4071 4085 4096 4201 4319 4354 4889 5183 5520 5825 6338 6739 6794 7303 7737 7982 8048 8298 8307 8450 8888 9675 9732
24 223 545 644 761 995 2045 2535 2558 3666 4021 4539 4740 4925 5003 6595 7114 7657 7765 8189 8477 9007 9177 9590 9624
29 164 1099 1307 1361 1643 1707 2705 2747 2857 2968 3099 3290 3502 4869 4969 5084 5352 5524 5854 5886 5900 6855 7364 8068 8186 8434 8934 9727 9966
33 329 352 572 661 802 950 964 974 1680 1939 2300 2541 2741 2802 2823 3313 3732 4055 5356 6612 7048 7073 7078 7855 8550 8735 8755 8929 9028 9046 9551 9557 9646
28 414 418 427 788 939 1021 1136 1275 2197 2343 2702 2732 3077 3132 3710 4072 4665 4816 5428 5754 6875 6885 6970 7214 7973 9149 9218 9574
19 398 1203 1249 1814 2309 2860 3646 4062 4639 4907 5242 5253 5679 6251 6819 6915 8039 9344 9785
39 195 287 774 844 1423 1469 1498 1965 2345 2585 2867 2889 3294 3642 3886 3890 4230 4793 5094 5202 5301 5320 5420 5817 5950 6215 6429 6629 7064 7229 7735 7881 8261 8282 8451 9035 9633 9673 9820
28 273 1102 1286 2654 2853 3092 3127 3226 3433 3435 4790 5343 5441 5711 6135 6225 6335 6565 6873 7392 7455 7997 8200 8360 9025 9604 9924 8274
34 215 443 450 1163 1627 1976 2012 2065 3913 4363 4389 4431 4474 4624 4722 4732 5030 5042 5448 5495 6500 6755 6839 7305 7338 7379 7590 7697 8098 8426 9508 9545 9595 9606
21 93 440 731 1023 1210 2487 2671 2997 3049 3115 3370 3477 4908 5247 5784 6238 6535 7146 7587 9368 9707
29 379 496 1031 1288 1300 1910 2202 3209 4139 4219 5205 5347 6549 6632 6924 6932 7218 7234 7288 7711 7796 7988 8016 8159 8402 8702 8900 9438 9744
21 84 435 970 1341 1398 2282 3232 3449 3937 4272 4553 4851 5735 6639 6975 7868 7917 8366 8804 9671 9884
32 132 559 827 1046 1131 1173 1382 1584 2008 2167 2420 2545 2918 3210 3802 3879 3970 4107 4650 4824 4958 4998 5504 6415 6780 6809 7582 8067 8374 8807 9087 9747
25 109 348 353 555 773 1353 2007 2078 2607 3169 4689 4894 4906 5016 5440 5750 6465 6675 7202 7825 8378 9245 9539 9616 9636
28 150 639 649 1135 2557 3778 4350 4367 4428 4566 4880 5097 5419 5789 6342 6347 6627 6909 7722 8163 8279 8455 9042 9468 9505 9528 9594 9622
37 207 458 1565 1701 2123 2784 3428 3595 3984 4196 4416 4518 4714 4736 4845 5241 5342 5366 5572 5987 6108 6240 6435 6574 6749 6791 7082 7159 7604 7739 8111 8257 8848 9272 9463 9621 9955
30 63 75 171 358 498 536 629 693 1089 1696 1929 2410 2727 4323 5896 5902 6336 6589 7030 7089 7224 7259 7491 8522 8942 8999 9643 9676 9710 9737
32 233 1647 1735 2358 2863 3074 3602 3967 3998 4092 4338 4865 4971 5386 5447 5505 5744 6025 6600 6623 6630 6679 6989 7002 7163 7624 7674 7742 7818 7864 9067 9892
33 235 247 680 912 1138 1569 1572 1579 3416 3562 4236 4265 4579 5312 5409 5459 5509 5636 5672 6259 6539 6859 7134 7320 7840 8026 8055 8312 8388 8439 8505 8881 9370
33 622 705 1052 1114 1188 1445 2430 2707 3531 3535 3707 3788 3928 4138 4510 4776 4791 4799 5285 5532 5577 5968 5995 6174 6823 7276 7775 8499 8545 9105 9219 9513 9706
26 312 1026 1329 1510 2974 3030 3415 3678 3789 3957 4493 4663 4843 5275 5542 5842 6571 6730 6741 6993 7464 8520 8708 8875 9191 9380
23 515 1589 1830 2033 2313 2587 3120 3604 3624 3700 4359 4918 5111 5175 5361 6517 7125 7184 7273 8394 9337 9358 9497
26 172 316 633 1287 1327 1350 1455 1692 2056 2192 3654 4780 4834 5188 5612 5860 6147 7201 7366 7629 8685 8824 8833 9273 9294 9746
25 955 1748 2079 2261 2552 3093 3705 4181 4641 4881 5831 5929 6567 7373 7574 7833 8171 8407 8553 8770 8871 8927 9527 9804 9885
25 368 1209 1220 1714 2083 2219 2834 2919 3233 3644 4255 4403 4629 5119 5317 5335 6490 7399 8393 8724 9008 9104 9290 9400 9493
27 134 359 551 1085 1172 1459 1949 2237 2342 2454 2629 2644 2882 3190 4973 5722 5910 6499 6704 7295 7424 7626 7768 8375 8918 9023 9165
31 5635 350 767 918 1333 1853 1947 2695 2763 3727 3750 4577 5267 5294 5315 5487 5718 6316 6569 6699 6994 7059 7672 8478 8507 8526 8559 8641 9058 9947 9980
33 65 1074 1147 1444 1722 2060 2236 2670 3123 3273 3509 4106 4200 4464 4645 4821 4981 5235 5330 5558 6007 6457 6472 7022 7090 7835 8053 8246 8372 8598 9211 9456 9494
29 592 855 946 1182 1979 2196 2215 3463 3613 4828 5090 5168 5244 6537 6542 6776 7017 7122 7435 7493 8065 8533 8914 8940 9146 9205 9419 9424 9897
19 103 130 1615 2176 2803 3249 3269 3799 3832 4090 4185 5863 5999 7041 8485 8527 9267 9310 9933
34 35 381 497 746 1057 1244 1265 1458 1480 1691 1847 2539 2589 2630 2923 2955 3350 3882 3969 4614 4674 4746 4890 5045 5775 6322 6519 6863 7127 7262 7729 7741 7904 9333
35 610 936 2209 2588 2693 2779 3244 3270 4025 4202 4927 5160 5185 5486 5596 5662 5877 6402 6432 6760 6832 7527 7846 7969 8018 8121 8147 8165 8271 8302 8401 8563 9282 9356 9393
33 847 926 965 990 1472 1717 1757 2679 3164 3795 3868 3940 4210 4282 4341 4508 4558 4687 5696 5953 5994 6222 6291 6423 6886 7015 7279 7381 8172 9079 9661 9773 9925
42 69 181 405 504 569 2057 2396 2513 2614 2832 2842 3141 3154 3347 3555 3798 3815 4140 4231 4442 4483 4587 4852 4996 5118 5146 5499 5543 5850 6260 6398 6920 7834 7867 8075 8736 8945 8973 9070 9544 9608 9939
25 31 211 804 1421 1664 2232 3335 3722 4049 4551 4594 4941 5169 5407 6489 6556 6764 7023 7467 7933 8436 8517 8725 9179 9315
22 6985 602 909 1144 1779 1930 2157 2864 3389 3572 4226 4451 5955 6020 6641 6651 6953 7633 8358 8637 9003 9890
23 466 657 877 1128 1763 1997 2827 3156 3540 3567 3608 3824 4561 4786 5680 6117 6646 7393 7703 7850 8277 8281 9363
28 479 549 884 1277 1346 1396 2098 2208 2422 3470 3964 3986 4061 4118 4268 4340 4521 4644 5001 5586 5653 6613 7465 7820 7926 8701 8838 8946
31 193 1356 2014 2046 2357 2472 2686 2706 3358 3447 3529 4044 4127 4393 4590 4599 5064 5162 5172 6066 6134 6466 6848 6948 7781 7813 8544 8743 8890 9395 9879
25 173 977 1084 1116 1208 1567 1820 1978 2050 2395 2524 2988 3266 6568 6637 6798 7206 7766 7860 8077 8352 8389 8798 9452 9835
21 640 770 2048 2387 2981 3109 3121 3908 4980 5392 5519 5855 6059 6740 6840 7451 7720 7886 8280 8983 9941
27 58 754 856 998 1394 1663 1903 2743 3505 3999 4351 4651 4987 4997 5655 6333 6461 6721 6974 7257 7267 7607 7649 8169 8187 9009 9270
23 480 725 1096 1274 1517 2279 2297 3040 3948 4505 4818 5445 6022 6815 7248 7849 8089 8110 8117 8541 8659 8744 9462
35 1229 1499 1629 1882 2019 2327 2584 2675 2758 3464 3772 3906 4163 4249 4534 4556 4604 4801 5472 5727 5909 6008 6418 6530 6972 7118 7533 8094 9100 9431 9591 9609 9678 9827 9981
30 682 992 1037 1543 1772 1793 1984 2344 3748 3924 4293 4400 4630 4806 5159 5240 5305 5548 5671 5780 5915 6777 6940 7007 7176 7506 7539 9154 9295 9412
38 112 265 655 2131 2203 2498 2757 2762 3110 3192 3451 3490 3492 3706 3830 3900 4318 4530 5164 5187 5405 5624 6524 6725 6801 6958 6967 7011 7075 7138 7454 7945 8325 8658 8728 9188 9340 9957
28 204 984 1246 1611 2210 2938 3171 3221 3536 4070 4652 5432 5603 5615 5813 6152 6229 6257 6443 7375 7686 7748 8719 8827 9235 9288 9502 9825
37 1035 701 937 1880 1933 2347 3386 3423 3713 4067 4333 4371 4545 4673 4744 4860 4922 4994 5038 5604 5795 5844 6334 6401 6541 6841 6866 7250 7268 7573 7641 7776 9275 9360 9459 9500 9520
31 442 747 1081 1328 1428 1535 1610 1815 1891 2471 2903 3087 3239 3979 4109 4648 4699 4864 5613 5644 5853 7444 7462 7827 8232 8435 9381 9453 9724 9938 9976
26 871 1679 2171 2212 2249 2868 3204 3280 3282 3861 4628 4703 4930 5471 5763 5890 6504 6913 7037 7188 7367 8096 8239 9404 9472 9986
27 1015 1357 1418 1504 1959 2024 2352 2689 2849 3367 3403 3692 4304 4458 4637 5048 5201 5461 5476 5550 6350 6360 7304 7383 7525 8324 9029
19 12 996 1345 2199 2990 3510 3708 4394 4466 5331 5723 5772 5876 6564 8031 8215 8696 9559 9868
31 107 1916 2102 2948 3482 3487 3580 3715 4149 4425 4603 4811 5560 5564 5821 6648 6684 6708 6965 7347 7357 8265 8363 8511 8524 8823 9228 9549 9615 9945 9978
27 1082 2739 3368 3475 3618 3851 4098 4381 4461 4655 4915 4945 5117 5308 5336 6116 6576 7642 7761 8242 8340 8730 9233 9598 9695 9742 9977
26 147 1030 1554 2108 2117 2571 2662 2964 3216 4949 5106 6792 6923 7135 7457 7520 7832 7892 8004 8398 8580 8762 9038 9330 9386 9917
29 347 780 985 2292 2650 3182 3413 3842 3867 4298 4459 5081 5173 5260 5561 5918 7500 7536 7632 7637 8287 8392 8649 9239 9255 9495 9807 9948 9988
31 66 161 532 1553 1958 2551 3265 3756 4179 4222 5062 5263 5429 5492 5676 5827 5832 6275 6752 6753 6766 6998 7171 7442 7475 7974 8612 9174 9361 9378 9525
35 4008 199 294 308 321 495 663 778 1555 1898 2465 2520 2921 3106 3155 3375 3497 3557 3989 4058 4855 4882 4960 5306 5792 5911 6526 7242 7333 7862 7956 8066 8633 8949 9793
21 88 206 444 922 1821 2463 3160 3539 3816 3895 4914 4968 5024 5053 6277 7650 8540 8681 9018 9302 9936
30 127 276 420 426 1190 1258 1280 1283 1986 2314 2768 3186 3229 3373 3754 4295 4672 4853 5150 5374 5404 5425 6074 6201 7340 7874 7915 8201 8391 9530
33 50 176 696 938 1466 1527 2245 2532 2684 2692 2985 3243 3533 4361 4638 4774 4920 5269 5339 5384 5712 6389 6774 7434 7712 7771 7959 8180 8211 8371 8832 9216 9359
29 67 730 958 1306 1311 1875 2005 3584 3652 3885 4011 4040 4160 4167 4221 4623 4898 5390 6495 7209 7352 7526 8049 8214 8609 8626 8792 9062 9799
34 304 471 613 1121 1151 1359 1644 1827 2080 2573 2646 2655 3102 3198 3439 3612 3615 3814 4054 4183 4525 5673 5689 6089 6455 6478 6525 6583 6758 6783 7376 7428 8226 9582
31 251 818 826 1041 1730 1794 1819 2264 3002 3241 3660 4097 4150 4891 4935 5739 6444 6473 6713 7639 7955 8113 8296 8458 8675 8979 9043 9327 9563 9741 9800
30 4555 270 315 349 617 1563 1652 2700 2937 3083 3458 3826 4647 4822 5578 5881 6449 6469 7139 7922 8120 8139 8289 8420 8534 8953 9020 9266 9401 9480
34 9930 1457 2242 2433 2771 2963 3159 3211 3330 3725 3958 3987 4091 4710 5555 5617 5639 5897 6313 6413 6505 7052 7233 7492 7814 7845 7929 8151 8928 8935 9297 9309 9570 9626
39 23 383 459 579 581 866 1343 1354 1391 2133 2150 2556 2580 2610 2809 3031 3063 3717 4083 4567 4952 5189 5427 5538 5576 5728 6121 6233 6718 6768 6995 7057 7762 7810 8080 8627 8673 9781 9898
38 17 584 1004 1298 1746 1909 1971 2398 2418 3068 3069 3100 3378 3829 4193 4447 4583 4762 4772 4787 4817 5031 5371 5756 6049 6061 6234 6414 6598 6812 7377 7502 8354 8788 9142 9145 9491 9963
30 194 394 600 1248 1251 1923 2221 2226 2360 2373 2710 2805 3206 3491 3530 4114 4702 5546 5697 6976 7331 7793 7984 8013 8020 8164 8601 8882 9194 9581
40 74 192 286 384 606 784 1049 1059 1115 1200 1442 1604 1826 2258 2319 2696 2748 2855 3075 3149 3617 3628 5277 5345 5601 5660 5816 6198 6817 6978 7348 7848 7930 7978 8252 9021 9286 9298 9379 9762
23 97 200 820 873 1872 4454 4939 5238 5300 6010 6067 6359 6406 6445 7141 7648 7894 8269 8314 8569 8679 9109 9788
32 4 10 732 911 1153 1197 1206 1740 1776 1866 1941 2411 2746 2893 4023 4613 5222 5554 5769 6209 7071 7124 7132 7635 8062 8185 8355 8593 9032 9589 9789 9863
32 297 585 811 969 994 1149 1174 1336 1613 1676 2233 2337 2927 3961 4077 4607 4721 4833 4913 5436 5937 6231 6261 6287 7265 7328 8635 8786 9304 9454 9902 9956
32 20 1414 1573 1893 2213 2224 2407 2429 2490 2848 3626 4335 4470 4743 4944 4963 5126 5378 5641 5762 6145 6372 6723 7101 7204 7359 7419 7823 8106 8295 8858 9162
26 81 266 674 1166 1238 1781 2631 2699 2798 2869 3072 3388 3775 3823 3994 5209 5265 5786 5812 6845 7581 7985 8100 8460 8638 8766
30 73 120 447 783 963 2101 2217 2437 2980 3050 3231 3489 3589 3926 3953 4126 4191 4707 4910 5344 5667 6042 6880 6893 6949 6990 7877 8467 8997 9546
34 186 365 400 452 625 1320 1860 1963 2378 2641 3129 4194 4212 4778 5908 6056 6130 6532 6620 6902 7084 7369 7443 7704 7767 7773 7991 8102 8313 8463 8586 9522 9713 9996
25 54 1086 1834 2862 3247 3679 4344 4512 4640 4712 5071 5620 5693 6028 6115 7063 7143 7299 7563 8091 8228 8263 8737 9355 9399
33 13 37 523 836 1100 1117 1205 1512 1536 2613 2742 3543 3590 3767 3847 4033 4576 5297 6040 6090 6187 6464 6680 6961 7432 7884 8206 8304 8305 8440 8558 9506 9751
31 627 677 1560 1778 2238 2269 2393 2835 3073 3117 3218 3271 3421 3726 4005 4419 4511 4569 4901 5089 5142 5708 5941 6219 6683 6711 8037 8084 8810 9640 9814
32 366 369 433 741 748 1184 1386 1454 1506 1681 2022 2190 2914 3122 3356 3719 4084 4134 4392 5464 6170 6486 6558 6729 7461 7706 7746 8047 8138 8209 8915 9055
33 393 643 1029 2811 2992 3322 3675 3978 3993 4053 4300 4445 5010 5036 5095 5214 5231 6014 6119 6276 6310 6585 6673 6712 7150 7758 8126 8278 8303 8430 9134 9193 9210
22 449 867 1142 1528 1549 2020 2419 2777 3041 3253 3561 3670 4111 4417 5028 5128 5936 6035 7382 7801 9092 9760
22 975 1581 2156 3125 3175 3329 4135 4257 4306 4718 5319 5685 6784 7296 7332 7474 7611 7863 8156 8267 8683 9776
24 650 1409 1490 1999 2076 2782 2904 2973 3360 4948 5186 5730 5846 6252 7076 7272 8317 8623 8684 8758 8845 9482 9558 9635
26 38 577 1509 1661 1838 1950 2070 2198 2235 3227 3542 4162 4251 4423 4448 5597 5989 6203 6937 7772 8331 9490 9575 9584 9739 9896
25 228 961 1727 1804 3418 3819 3894 4041 4052 4121 4578 4667 5059 5176 5250 5289 5421 6051 6283 6717 6745 6831 8141 8941 9514
28 76 113 227 1093 1124 1752 1974 2204 2501 2605 3284 3884 4477 4609 4622 4726 6224 6523 6898 7302 7623 7736 7824 7847 8706 9345 9391 9481
30 704 792 848 881 993 1465 1501 2639 2872 2895 3904 4148 4928 5087 5248 5588 5648 6118 6128 6440 6527 7394 7785 8414 8443 8484 8672 9108 9409 9918
32 131 462 638 721 846 1011 1443 1725 1761 2480 2791 3036 3366 3888 4027 4112 4122 4444 4804 5009 5595 5738 6385 6654 6772 6803 7387 7743 9137 9186 9484 9904
30 332 464 1686 1743 1756 2485 2554 2734 2887 3349 3588 4223 5677 5990 5991 6171 6434 7070 7098 7123 7360 7568 7592 7602 7730 8230 9305 9311 9350 9826
29 678 915 928 1050 1449 1492 1571 2797 3532 4169 4491 4541 4831 5717 6354 6719 6761 7260 7671 7710 8535 8543 8650 8948 8961 9054 9698 9729 9878
22 62 547 1073 1243 1515 2075 2680 3822 4218 4291 4876 5819 5945 6428 6649 6698 6770 7228 7339 7920 9241 9693
25 331 403 510 1269 1864 2321 2617 2640 3178 3263 5198 5528 5732 5802 6716 6756 7160 7572 7687 8119 8960 9085 9240 9588 9656
22 305 556 742 1590 2749 2928 3454 3914 4449 4524 5296 5684 5698 5895 5976 6033 6293 7598 7992 8479 8828 9734
25 168 1281 1538 1564 1792 1887 2234 2290 2934 3257 3407 4434 4509 4693 4887 5203 5468 6326 6476 6552 6945 7170 7363 7960 8874
28 300 455 716 757 850 914 1450 1607 2445 2661 2840 4668 4768 4956 5078 6245 6269 6430 6808 7416 7556 8177 8512 8600 8768 8825 9077 9081
35 517 892 1424 1432 1918 1935 2096 2476 2656 2678 2708 2845 3499 3643 3681 3838 3873 3889 4154 4422 4564 5154 5200 5808 6370 6624 7438 7507 8480 8716 9010 9416 9418 9644 9875
21 615 737 753 1905 2188 2285 2563 2979 3474 4003 4720 4848 5683 6156 6391 6906 7559 7995 8897 9880 9916
22 258 269 889 1403 1420 2530 2770 2866 3420 4164 4427 4494 5021 5705 6143 7395 8509 8720 8943 9592 9607 9763
25 481 740 765 1348 1712 1994 2252 2351 3444 3831 4065 4228 5416 6232 6614 6621 7291 7337 7471 8088 8270 8714 8988 9068 9471
19 5 1056 1591 2041 3001 3488 3784 4895 5107 5707 5946 6387 7998 8315 8631 8643 8715 9303 9364
26 298 399 431 1237 1550 1786 2068 2220 2792 2924 2983 3084 3688 3833 4546 4676 4921 5830 5885 6643 7107 7155 7403 7777 8952 9599
35 241 533 940 1191 1484 1491 2147 2392 2967 3062 3286 3548 3552 3898 4034 4051 4538 4618 4627 6256 6497 6553 6611 7417 7588 7617 8040 8132 8150 8423 8459 8704 9911 9958 9987
31 544 1242 1556 1742 1777 1823 2049 2077 3934 4397 4839 4904 4961 5207 5349 5453 5482 5779 6095 6103 6114 6847 7319 7349 7555 8002 8290 8546 8994 9362 9689
30 9 263 345 1337 1932 2287 2713 2737 3118 3573 3966 4123 4232 4391 4749 4777 4810 5806 6419 6438 6503 6769 6872 7489 8369 9126 9503 9554 9802 9921
19 1157 1551 1852 2442 3090 3406 4168 5741 6126 6579 7891 8105 8595 8662 9236 9292 9479 9569 9891
30 694 925 2004 2118 2121 2139 2243 2916 2931 3191 3404 4102 4348 5400 5627 5721 5905 5972 6105 6563 7060 7911 7952 7953 8471 8647 8862 9086 9091 9312
33 396 662 1070 1690 1832 2247 2369 2455 2544 3047 3419 3526 3647 4297 4605 4792 5058 5412 5796 5858 6016 6023 6494 6538 7402 7853 7962 8160 8521 8760 8905 9618 9842
42 33 502 546 837 1088 1187 1446 1632 1706 1849 2421 2492 2529 2829 3291 3445 3667 3965 4152 4789 4846 5257 5782 5920 6179 6782 7058 7306 7477 7513 7569 8086 8241 8251 8390 8457 8483 8779 8812 8992 9066 9754
29 1415 1539 1649 2364 2636 4125 4133 4261 4550 4582 4909 5182 5208 5640 6545 7669 7937 8007 8083 8196 8348 8566 8887 9143 9204 9213 9443 9617 9711
22 151 691 2435 3839 3929 3977 4007 4022 4170 4543 4570 5114 5318 5665 5801 5977 6688 7740 8115 8981 8984 9758
26 397 916 1262 1662 1802 2767 3325 3753 4066 4475 4565 4842 4905 5002 5156 5268 5283 5513 5774 6076 7508 7576 7947 8087 9030 9421
22 22 91 341 389 713 1003 1133 1162 2200 2816 3301 3508 3892 5043 5351 5847 6821 7137 7615 7903 8038 9259
37 24 472 676 786 929 1259 1561 1614 1828 1870 1964 2058 2602 2761 3163 3382 3581 4014 4355 4498 5249 5261 5454 5810 5857 6352 7088 7210 7949 7980 8285 8607 8615 8759 9322 9332 9786
32 169 357 522 1180 1366 1525 1651 1724 2143 2972 3059 3311 4060 4808 5380 5719 6150 6177 6378 6501 6575 7036 7866 8323 8441 8447 9048 9287 9642 9723 9787 9974
30 605 952 1383 2389 2660 3027 3579 3766 3853 4199 4976 5650 5878 5901 5919 5982 6868 6904 7103 7177 7816 8322 8386 8490 8774 8821 8884 9011 9102 9510
38 1625 232 260 272 1718 1737 2223 2315 2698 2925 3315 3351 3396 3460 4284 4680 4867 4934 5316 5463 5503 5649 6037 6320 6534 6540 7033 7181 7425 7658 7756 8032 8565 8738 9050 9696 9752 9876
30 470 1580 1641 1894 1981 2870 2901 3296 3959 4094 4395 4688 4942 5272 5569 6063 6520 6655 6692 7016 7074 7356 7390 7977 8408 8431 8469 9507 9555 9679
28 145 246 527 821 1502 1602 2164 2241 2533 2995 4747 4815 5197 5626 5986 6077 6653 7065 7187 7221 7578 7670 7721 7811 7872 8498 8606 9962
30 888 1301 1545 1970 2340 2464 3151 3500 3920 4018 4188 4275 4750 4803 5264 5304 5334 5382 5622 5975 5997 6228 6959 7166 7235 7532 7549 8081 8805 9900
32 187 611 724 801 886 1606 1639 1877 1919 2810 3901 4165 4197 4515 4626 4993 5217 5311 5752 6052 6942 7192 7256 7469 7606 7619 8097 8605 8864 9212 9501 9664
22 336 529 815 1213 1407 1998 2850 2906 3537 3843 4215 4597 5570 5771 6734 6856 7126 7203 7245 7261 7965 8851
36 7136 26 370 608 1747 1797 2116 2473 2645 2677 2715 3111 3140 3694 4128 4174 4709 4735 4933 5379 5413 5435 5515 6968 7061 7548 8306 8552 8567 8581 8667 8834 9090 9396 9441 9496
35 138 262 548 567 831 857 1177 1195 1616 2460 2718 3065 3172 3549 3569 3852 4203 4327 4725 5138 5757 6616 6724 6797 6836 7046 7838 8028 8879 9076 9107 9151 9156 9749 9856
29 44 344 484 505 1018 1119 1276 1597 2214 2406 2432 2517 2560 2562 3034 3605 4250 4520 4671 4924 5483 6507 6918 7300 7371 8135 9130 9423 9562
20 825 942 1170 1532 1953 3274 3309 3648 3734 3764 3963 5057 6091 6160 7301 7726 8974 9387 9580 9809
20 45 1227 2144 2328 2690 3303 3630 4664 4773 5462 5522 5838 6325 6582 6751 7034 7490 8143 9674 9687
36 64 550 603 1154 1181 1198 1270 1675 1895 2229 2332 2383 2681 2720 4186 4460 5104 5770 5851 6279 6467 6607 6930 7144 7667 7727 7738 8010 8129 8343 8376 8682 8826 8839 9115 9328
29 213 528 671 864 1273 1672 1703 1818 2365 2674 2826 3682 4176 4730 4812 4911 5485 5894 5924 5933 6671 7120 7957 8687 8878 8985 9113 9247 9663
26 21 250 860 1092 1263 1376 1392 2152 2619 3086 3338 3434 3855 3916 4100 5729 5871 6356 6405 6411 7429 7744 8504 9632 9770 9937
23 564 630 795 874 924 927 1212 1488 1991 2611 3250 4896 4902 5434 5654 5747 5862 6610 7939 7987 8041 9519 9714
19 616 869 1723 2572 2773 2858 3610 3782 3956 4549 4595 5892 6071 6382 6548 7035 7079 7191 8697
30 61 805 1425 1429 1471 1497 1869 2127 2158 2310 2618 2944 3013 3061 3298 3559 3793 4276 4863 5144 5184 5865 6132 6151 6822 7378 8044 9460 9483 9538
26 6 52 115 421 476 1175 1587 1962 2114 4229 4523 4756 5070 5321 7482 7616 7677 7938 8486 8574 8610 8799 9223 9402 9649 9929
26 83 185 735 813 967 1295 1736 1790 1798 2750 3166 3387 3942 4258 4336 4696 5115 5664 5849 6295 6862 7247 7354 7380 8205 9447
